  [1m[35m (1514.2ms)[0m  [1m[35mCREATE DATABASE "actor-movie-api_development" ENCODING = 'unicode'[0m
  ↳ bin/rails:9
  [1m[35m (476.2ms)[0m  [1m[35mCREATE DATABASE "actor-movie-api_test" ENCODING = 'unicode'[0m
  ↳ bin/rails:9
  [1m[35m (447.5ms)[0m  [1m[35mCREATE TABLE "schema_migrations" ("version" character varying NOT NULL PRIMARY KEY)[0m
  ↳ bin/rails:9
  [1m[35m (46.8ms)[0m  [1m[35mCREATE TABLE "ar_internal_metadata" ("key" character varying NOT NULL PRIMARY KEY, "value" character varying, "created_at" timestamp NOT NULL, "updated_at" timestamp NOT NULL)[0m
  ↳ bin/rails:9
  [1m[35m (57.6ms)[0m  [1m[34mSELECT pg_try_advisory_lock(3004948366016270100)[0m
  ↳ bin/rails:9
  [1m[35m (2.0ms)[0m  [1m[34mSELECT "schema_migrations"."version" FROM "schema_migrations" ORDER BY "schema_migrations"."version" ASC[0m
  ↳ bin/rails:9
Migrating to CreateActors (20190528192435)
  [1m[35m (0.2ms)[0m  [1m[35mBEGIN[0m
  ↳ bin/rails:9
  [1m[35m (50.2ms)[0m  [1m[35mCREATE TABLE "actors" ("id" bigserial primary key, "name" character varying, "created_at" timestamp NOT NULL, "updated_at" timestamp NOT NULL)[0m
  ↳ db/migrate/20190528192435_create_actors.rb:3
  [1m[36mActiveRecord::SchemaMigration Create (0.6ms)[0m  [1m[32mINSERT INTO "schema_migrations" ("version") VALUES ($1) RETURNING "version"[0m  [["version", "20190528192435"]]
  ↳ bin/rails:9
  [1m[35m (0.8ms)[0m  [1m[35mCOMMIT[0m
  ↳ bin/rails:9
Migrating to CreateTitles (20190528192446)
  [1m[35m (0.7ms)[0m  [1m[35mBEGIN[0m
  ↳ bin/rails:9
  [1m[35m (43.5ms)[0m  [1m[35mCREATE TABLE "titles" ("id" bigserial primary key, "title" character varying, "created_at" timestamp NOT NULL, "updated_at" timestamp NOT NULL)[0m
  ↳ db/migrate/20190528192446_create_titles.rb:3
  [1m[36mActiveRecord::SchemaMigration Create (0.5ms)[0m  [1m[32mINSERT INTO "schema_migrations" ("version") VALUES ($1) RETURNING "version"[0m  [["version", "20190528192446"]]
  ↳ bin/rails:9
  [1m[35m (1.0ms)[0m  [1m[35mCOMMIT[0m
  ↳ bin/rails:9
Migrating to CreateJoinTableActorsMovies (20190528192519)
  [1m[35m (2.4ms)[0m  [1m[35mBEGIN[0m
  ↳ bin/rails:9
  [1m[35m (1.4ms)[0m  [1m[35mCREATE TABLE "actors_movies" ("actor_id" bigint NOT NULL, "movie_id" bigint NOT NULL)[0m
  ↳ db/migrate/20190528192519_create_join_table_actors_movies.rb:3
  [1m[36mActiveRecord::SchemaMigration Create (2.5ms)[0m  [1m[32mINSERT INTO "schema_migrations" ("version") VALUES ($1) RETURNING "version"[0m  [["version", "20190528192519"]]
  ↳ bin/rails:9
  [1m[35m (41.2ms)[0m  [1m[35mCOMMIT[0m
  ↳ bin/rails:9
  [1m[36mActiveRecord::InternalMetadata Load (1.4ms)[0m  [1m[34mSELECT  "ar_internal_metadata".* FROM "ar_internal_metadata" WHERE "ar_internal_metadata"."key" = $1 LIMIT $2[0m  [["key", "environment"], ["LIMIT", 1]]
  ↳ bin/rails:9
  [1m[35m (0.2ms)[0m  [1m[35mBEGIN[0m
  ↳ bin/rails:9
  [1m[36mActiveRecord::InternalMetadata Create (2.4ms)[0m  [1m[32mINSERT INTO "ar_internal_metadata" ("key", "value", "created_at", "updated_at") VALUES ($1, $2, $3, $4) RETURNING "key"[0m  [["key", "environment"], ["value", "development"], ["created_at", "2019-05-28 19:25:32.992770"], ["updated_at", "2019-05-28 19:25:32.992770"]]
  ↳ bin/rails:9
  [1m[35m (31.6ms)[0m  [1m[35mCOMMIT[0m
  ↳ bin/rails:9
  [1m[35m (7.9ms)[0m  [1m[34mSELECT pg_advisory_unlock(3004948366016270100)[0m
  ↳ bin/rails:9
  [1m[35m (0.9ms)[0m  [1m[34mSELECT "schema_migrations"."version" FROM "schema_migrations" ORDER BY "schema_migrations"."version" ASC[0m
  ↳ bin/rails:9
  [1m[35m (1.7ms)[0m  [1m[34mSELECT "schema_migrations"."version" FROM "schema_migrations" ORDER BY "schema_migrations"."version" ASC[0m
  ↳ bin/rails:9
  [1m[35m (0.3ms)[0m  [1m[34mSELECT "schema_migrations"."version" FROM "schema_migrations" ORDER BY "schema_migrations"."version" ASC[0m
  ↳ bin/rails:9
  [1m[35m (0.3ms)[0m  [1m[34mSELECT "schema_migrations"."version" FROM "schema_migrations" ORDER BY "schema_migrations"."version" ASC[0m
  ↳ bin/rails:9
  [1m[35m (0.2ms)[0m  [1m[34mSELECT pg_try_advisory_lock(3004948366016270100)[0m
  ↳ bin/rails:9
  [1m[35m (0.3ms)[0m  [1m[34mSELECT "schema_migrations"."version" FROM "schema_migrations" ORDER BY "schema_migrations"."version" ASC[0m
  ↳ bin/rails:9
Migrating to CreateJoinTableActorsMovies (20190528192519)
  [1m[35m (0.2ms)[0m  [1m[35mBEGIN[0m
  ↳ bin/rails:9
  [1m[35m (20.5ms)[0m  [1m[35mDROP TABLE "actors_movies"[0m
  ↳ bin/rails:9
  [1m[36mActiveRecord::SchemaMigration Destroy (7.2ms)[0m  [1m[31mDELETE FROM "schema_migrations" WHERE "schema_migrations"."version" = $1[0m  [["version", "20190528192519"]]
  ↳ bin/rails:9
  [1m[35m (7.5ms)[0m  [1m[35mCOMMIT[0m
  ↳ bin/rails:9
  [1m[35m (1.1ms)[0m  [1m[34mSELECT pg_advisory_unlock(3004948366016270100)[0m
  ↳ bin/rails:9
  [1m[35m (0.3ms)[0m  [1m[34mSELECT "schema_migrations"."version" FROM "schema_migrations" ORDER BY "schema_migrations"."version" ASC[0m
  ↳ bin/rails:9
  [1m[35m (0.7ms)[0m  [1m[34mSELECT "schema_migrations"."version" FROM "schema_migrations" ORDER BY "schema_migrations"."version" ASC[0m
  ↳ bin/rails:9
  [1m[35m (0.2ms)[0m  [1m[34mSELECT "schema_migrations"."version" FROM "schema_migrations" ORDER BY "schema_migrations"."version" ASC[0m
  ↳ bin/rails:9
  [1m[35m (0.2ms)[0m  [1m[34mSELECT "schema_migrations"."version" FROM "schema_migrations" ORDER BY "schema_migrations"."version" ASC[0m
  ↳ bin/rails:9
  [1m[35m (0.2ms)[0m  [1m[34mSELECT pg_try_advisory_lock(3004948366016270100)[0m
  ↳ bin/rails:9
  [1m[35m (0.2ms)[0m  [1m[34mSELECT "schema_migrations"."version" FROM "schema_migrations" ORDER BY "schema_migrations"."version" ASC[0m
  ↳ bin/rails:9
Migrating to CreateTitles (20190528192446)
  [1m[35m (0.1ms)[0m  [1m[35mBEGIN[0m
  ↳ bin/rails:9
  [1m[35m (67.9ms)[0m  [1m[35mDROP TABLE "titles"[0m
  ↳ bin/rails:9
  [1m[36mActiveRecord::SchemaMigration Destroy (0.4ms)[0m  [1m[31mDELETE FROM "schema_migrations" WHERE "schema_migrations"."version" = $1[0m  [["version", "20190528192446"]]
  ↳ bin/rails:9
  [1m[35m (29.8ms)[0m  [1m[35mCOMMIT[0m
  ↳ bin/rails:9
  [1m[35m (0.6ms)[0m  [1m[34mSELECT pg_advisory_unlock(3004948366016270100)[0m
  ↳ bin/rails:9
  [1m[35m (3.7ms)[0m  [1m[34mSELECT "schema_migrations"."version" FROM "schema_migrations" ORDER BY "schema_migrations"."version" ASC[0m
  ↳ bin/rails:9
  [1m[35m (0.9ms)[0m  [1m[34mSELECT "schema_migrations"."version" FROM "schema_migrations" ORDER BY "schema_migrations"."version" ASC[0m
  ↳ bin/rails:9
  [1m[35m (0.2ms)[0m  [1m[34mSELECT "schema_migrations"."version" FROM "schema_migrations" ORDER BY "schema_migrations"."version" ASC[0m
  ↳ bin/rails:9
  [1m[35m (0.1ms)[0m  [1m[34mSELECT "schema_migrations"."version" FROM "schema_migrations" ORDER BY "schema_migrations"."version" ASC[0m
  ↳ bin/rails:9
  [1m[35m (0.1ms)[0m  [1m[34mSELECT pg_try_advisory_lock(3004948366016270100)[0m
  ↳ bin/rails:9
  [1m[35m (0.2ms)[0m  [1m[34mSELECT "schema_migrations"."version" FROM "schema_migrations" ORDER BY "schema_migrations"."version" ASC[0m
  ↳ bin/rails:9
Migrating to CreateActors (20190528192435)
  [1m[35m (0.1ms)[0m  [1m[35mBEGIN[0m
  ↳ bin/rails:9
  [1m[35m (2.9ms)[0m  [1m[35mDROP TABLE "actors"[0m
  ↳ bin/rails:9
  [1m[36mActiveRecord::SchemaMigration Destroy (1.0ms)[0m  [1m[31mDELETE FROM "schema_migrations" WHERE "schema_migrations"."version" = $1[0m  [["version", "20190528192435"]]
  ↳ bin/rails:9
  [1m[35m (3.5ms)[0m  [1m[35mCOMMIT[0m
  ↳ bin/rails:9
  [1m[35m (1.4ms)[0m  [1m[34mSELECT pg_advisory_unlock(3004948366016270100)[0m
  ↳ bin/rails:9
  [1m[35m (0.8ms)[0m  [1m[34mSELECT "schema_migrations"."version" FROM "schema_migrations" ORDER BY "schema_migrations"."version" ASC[0m
  ↳ bin/rails:9
  [1m[35m (1.1ms)[0m  [1m[34mSELECT "schema_migrations"."version" FROM "schema_migrations" ORDER BY "schema_migrations"."version" ASC[0m
  ↳ bin/rails:9
  [1m[35m (0.3ms)[0m  [1m[34mSELECT "schema_migrations"."version" FROM "schema_migrations" ORDER BY "schema_migrations"."version" ASC[0m
  ↳ bin/rails:9
  [1m[35m (733.3ms)[0m  [1m[35mDROP DATABASE IF EXISTS "actor-movie-api_development"[0m
  ↳ bin/rails:9
  [1m[35m (383.9ms)[0m  [1m[35mDROP DATABASE IF EXISTS "actor-movie-api_test"[0m
  ↳ bin/rails:9
  [1m[35m (1167.6ms)[0m  [1m[35mCREATE DATABASE "actor-movie-api_development" ENCODING = 'unicode'[0m
  ↳ bin/rails:9
  [1m[35m (518.3ms)[0m  [1m[35mCREATE DATABASE "actor-movie-api_test" ENCODING = 'unicode'[0m
  ↳ bin/rails:9
  [1m[35mSQL (1.2ms)[0m  [1m[35mCREATE EXTENSION IF NOT EXISTS "plpgsql"[0m
  ↳ db/schema.rb:16
  [1m[35m (5.3ms)[0m  [1m[35mCREATE TABLE "schema_migrations" ("version" character varying NOT NULL PRIMARY KEY)[0m
  ↳ db/schema.rb:13
  [1m[35m (0.5ms)[0m  [1m[34mSELECT "schema_migrations"."version" FROM "schema_migrations" ORDER BY "schema_migrations"."version" ASC[0m
  ↳ db/schema.rb:13
  [1m[35m (0.7ms)[0m  [1m[32mINSERT INTO "schema_migrations" (version) VALUES (0)[0m
  ↳ db/schema.rb:13
  [1m[35m (5.2ms)[0m  [1m[35mCREATE TABLE "ar_internal_metadata" ("key" character varying NOT NULL PRIMARY KEY, "value" character varying, "created_at" timestamp NOT NULL, "updated_at" timestamp NOT NULL)[0m
  ↳ db/schema.rb:13
  [1m[36mActiveRecord::InternalMetadata Load (0.3ms)[0m  [1m[34mSELECT  "ar_internal_metadata".* FROM "ar_internal_metadata" WHERE "ar_internal_metadata"."key" = $1 LIMIT $2[0m  [["key", "environment"], ["LIMIT", 1]]
  ↳ db/schema.rb:13
  [1m[35m (0.1ms)[0m  [1m[35mBEGIN[0m
  ↳ db/schema.rb:13
  [1m[36mActiveRecord::InternalMetadata Create (0.5ms)[0m  [1m[32mINSERT INTO "ar_internal_metadata" ("key", "value", "created_at", "updated_at") VALUES ($1, $2, $3, $4) RETURNING "key"[0m  [["key", "environment"], ["value", "development"], ["created_at", "2019-05-28 19:28:30.122023"], ["updated_at", "2019-05-28 19:28:30.122023"]]
  ↳ db/schema.rb:13
  [1m[35m (3.9ms)[0m  [1m[35mCOMMIT[0m
  ↳ db/schema.rb:13
  [1m[36mActiveRecord::InternalMetadata Load (0.7ms)[0m  [1m[34mSELECT  "ar_internal_metadata".* FROM "ar_internal_metadata" WHERE "ar_internal_metadata"."key" = $1 LIMIT $2[0m  [["key", "environment"], ["LIMIT", 1]]
  ↳ bin/rails:9
  [1m[35m (0.1ms)[0m  [1m[35mBEGIN[0m
  ↳ bin/rails:9
  [1m[35m (0.2ms)[0m  [1m[35mCOMMIT[0m
  ↳ bin/rails:9
  [1m[35mSQL (0.9ms)[0m  [1m[35mCREATE EXTENSION IF NOT EXISTS "plpgsql"[0m
  ↳ db/schema.rb:16
  [1m[35m (73.1ms)[0m  [1m[35mCREATE TABLE "schema_migrations" ("version" character varying NOT NULL PRIMARY KEY)[0m
  ↳ db/schema.rb:13
  [1m[35m (1.7ms)[0m  [1m[34mSELECT "schema_migrations"."version" FROM "schema_migrations" ORDER BY "schema_migrations"."version" ASC[0m
  ↳ db/schema.rb:13
  [1m[35m (7.5ms)[0m  [1m[32mINSERT INTO "schema_migrations" (version) VALUES (0)[0m
  ↳ db/schema.rb:13
  [1m[35m (4.3ms)[0m  [1m[35mCREATE TABLE "ar_internal_metadata" ("key" character varying NOT NULL PRIMARY KEY, "value" character varying, "created_at" timestamp NOT NULL, "updated_at" timestamp NOT NULL)[0m
  ↳ db/schema.rb:13
  [1m[36mActiveRecord::InternalMetadata Load (0.4ms)[0m  [1m[34mSELECT  "ar_internal_metadata".* FROM "ar_internal_metadata" WHERE "ar_internal_metadata"."key" = $1 LIMIT $2[0m  [["key", "environment"], ["LIMIT", 1]]
  ↳ db/schema.rb:13
  [1m[35m (0.1ms)[0m  [1m[35mBEGIN[0m
  ↳ db/schema.rb:13
  [1m[36mActiveRecord::InternalMetadata Create (23.2ms)[0m  [1m[32mINSERT INTO "ar_internal_metadata" ("key", "value", "created_at", "updated_at") VALUES ($1, $2, $3, $4) RETURNING "key"[0m  [["key", "environment"], ["value", "development"], ["created_at", "2019-05-28 19:28:30.288447"], ["updated_at", "2019-05-28 19:28:30.288447"]]
  ↳ db/schema.rb:13
  [1m[35m (12.3ms)[0m  [1m[35mCOMMIT[0m
  ↳ db/schema.rb:13
  [1m[36mActiveRecord::InternalMetadata Load (0.3ms)[0m  [1m[34mSELECT  "ar_internal_metadata".* FROM "ar_internal_metadata" WHERE "ar_internal_metadata"."key" = $1 LIMIT $2[0m  [["key", "environment"], ["LIMIT", 1]]
  ↳ bin/rails:9
  [1m[35m (0.2ms)[0m  [1m[35mBEGIN[0m
  ↳ bin/rails:9
  [1m[36mActiveRecord::InternalMetadata Update (0.5ms)[0m  [1m[33mUPDATE "ar_internal_metadata" SET "value" = $1, "updated_at" = $2 WHERE "ar_internal_metadata"."key" = $3[0m  [["value", "test"], ["updated_at", "2019-05-28 19:28:30.328747"], ["key", "environment"]]
  ↳ bin/rails:9
  [1m[35m (22.8ms)[0m  [1m[35mCOMMIT[0m
  ↳ bin/rails:9
  [1m[35m (0.8ms)[0m  [1m[34mSELECT "schema_migrations"."version" FROM "schema_migrations" ORDER BY "schema_migrations"."version" ASC[0m
  ↳ bin/rails:9
  [1m[35m (0.4ms)[0m  [1m[34mSELECT pg_try_advisory_lock(3004948366016270100)[0m
  ↳ bin/rails:9
  [1m[35m (0.9ms)[0m  [1m[34mSELECT "schema_migrations"."version" FROM "schema_migrations" ORDER BY "schema_migrations"."version" ASC[0m
  ↳ bin/rails:9
Migrating to CreateActors (20190528192435)
  [1m[35m (0.1ms)[0m  [1m[35mBEGIN[0m
  ↳ bin/rails:9
  [1m[35m (88.4ms)[0m  [1m[35mCREATE TABLE "actors" ("id" bigserial primary key, "name" character varying, "created_at" timestamp NOT NULL, "updated_at" timestamp NOT NULL)[0m
  ↳ db/migrate/20190528192435_create_actors.rb:3
  [1m[36mActiveRecord::SchemaMigration Create (1.3ms)[0m  [1m[32mINSERT INTO "schema_migrations" ("version") VALUES ($1) RETURNING "version"[0m  [["version", "20190528192435"]]
  ↳ bin/rails:9
  [1m[35m (15.7ms)[0m  [1m[35mCOMMIT[0m
  ↳ bin/rails:9
Migrating to CreateTitles (20190528192446)
  [1m[35m (0.4ms)[0m  [1m[34mSELECT pg_advisory_unlock(3004948366016270100)[0m
  ↳ bin/rails:9
  [1m[35m (0.3ms)[0m  [1m[34mSELECT pg_try_advisory_lock(3004948366016270100)[0m
  ↳ bin/rails:9
  [1m[35m (1.0ms)[0m  [1m[34mSELECT "schema_migrations"."version" FROM "schema_migrations" ORDER BY "schema_migrations"."version" ASC[0m
  ↳ bin/rails:9
Migrating to CreateJoinTableActorsMovies (20190528192519)
  [1m[35m (0.2ms)[0m  [1m[35mBEGIN[0m
  ↳ bin/rails:9
  [1m[35m (1.7ms)[0m  [1m[35mCREATE TABLE "actors_movies" ("actor_id" bigint NOT NULL, "movie_id" bigint NOT NULL)[0m
  ↳ db/migrate/20190528192519_create_join_table_actors_movies.rb:3
  [1m[35m (57.5ms)[0m  [1m[35mCREATE  INDEX  "index_actors_movies_on_actor_id_and_movie_id" ON "actors_movies"  ("actor_id", "movie_id")[0m
  ↳ db/migrate/20190528192519_create_join_table_actors_movies.rb:3
  [1m[35m (19.5ms)[0m  [1m[35mCREATE  INDEX  "index_actors_movies_on_movie_id_and_actor_id" ON "actors_movies"  ("movie_id", "actor_id")[0m
  ↳ db/migrate/20190528192519_create_join_table_actors_movies.rb:3
  [1m[36mActiveRecord::SchemaMigration Create (0.6ms)[0m  [1m[32mINSERT INTO "schema_migrations" ("version") VALUES ($1) RETURNING "version"[0m  [["version", "20190528192519"]]
  ↳ bin/rails:9
  [1m[35m (32.5ms)[0m  [1m[35mCOMMIT[0m
  ↳ bin/rails:9
Migrating to CreateMovies (20190528192941)
  [1m[35m (0.1ms)[0m  [1m[35mBEGIN[0m
  ↳ bin/rails:9
  [1m[35m (33.1ms)[0m  [1m[35mCREATE TABLE "movies" ("id" bigserial primary key, "title" character varying, "created_at" timestamp NOT NULL, "updated_at" timestamp NOT NULL)[0m
  ↳ db/migrate/20190528192941_create_movies.rb:3
  [1m[36mActiveRecord::SchemaMigration Create (0.3ms)[0m  [1m[32mINSERT INTO "schema_migrations" ("version") VALUES ($1) RETURNING "version"[0m  [["version", "20190528192941"]]
  ↳ bin/rails:9
  [1m[35m (0.3ms)[0m  [1m[35mCOMMIT[0m
  ↳ bin/rails:9
  [1m[36mActiveRecord::InternalMetadata Load (0.6ms)[0m  [1m[34mSELECT  "ar_internal_metadata".* FROM "ar_internal_metadata" WHERE "ar_internal_metadata"."key" = $1 LIMIT $2[0m  [["key", "environment"], ["LIMIT", 1]]
  ↳ bin/rails:9
  [1m[35m (0.2ms)[0m  [1m[35mBEGIN[0m
  ↳ bin/rails:9
  [1m[35m (0.1ms)[0m  [1m[35mCOMMIT[0m
  ↳ bin/rails:9
  [1m[35m (0.1ms)[0m  [1m[34mSELECT pg_advisory_unlock(3004948366016270100)[0m
  ↳ bin/rails:9
  [1m[35m (0.2ms)[0m  [1m[34mSELECT "schema_migrations"."version" FROM "schema_migrations" ORDER BY "schema_migrations"."version" ASC[0m
  ↳ bin/rails:9
  [1m[35m (1.0ms)[0m  [1m[34mSELECT "schema_migrations"."version" FROM "schema_migrations" ORDER BY "schema_migrations"."version" ASC[0m
  ↳ bin/rails:9
  [1m[35m (0.6ms)[0m  [1m[34mSELECT "ar_internal_metadata"."value" FROM "ar_internal_metadata" WHERE "ar_internal_metadata"."key" = $1[0m  [["key", "environment"]]
  ↳ bin/rails:9
  [1m[35m (0.3ms)[0m  [1m[34mSELECT "schema_migrations"."version" FROM "schema_migrations" ORDER BY "schema_migrations"."version" ASC[0m
  ↳ bin/rails:9
  [1m[35m (0.2ms)[0m  [1m[34mSELECT "ar_internal_metadata"."value" FROM "ar_internal_metadata" WHERE "ar_internal_metadata"."key" = $1[0m  [["key", "environment"]]
  ↳ bin/rails:9
  [1m[35m (0.2ms)[0m  [1m[34mSELECT "schema_migrations"."version" FROM "schema_migrations" ORDER BY "schema_migrations"."version" ASC[0m
  ↳ bin/rails:9
  [1m[35m (0.3ms)[0m  [1m[34mSELECT "ar_internal_metadata"."value" FROM "ar_internal_metadata" WHERE "ar_internal_metadata"."key" = $1[0m  [["key", "environment"]]
  ↳ bin/rails:9
  [1m[35m (775.6ms)[0m  [1m[35mDROP DATABASE IF EXISTS "actor-movie-api_development"[0m
  ↳ bin/rails:9
  [1m[35m (294.3ms)[0m  [1m[35mDROP DATABASE IF EXISTS "actor-movie-api_test"[0m
  ↳ bin/rails:9
  [1m[35m (911.9ms)[0m  [1m[35mCREATE DATABASE "actor-movie-api_development" ENCODING = 'unicode'[0m
  ↳ bin/rails:9
  [1m[35m (474.7ms)[0m  [1m[35mCREATE DATABASE "actor-movie-api_test" ENCODING = 'unicode'[0m
  ↳ bin/rails:9
  [1m[35mSQL (0.4ms)[0m  [1m[35mCREATE EXTENSION IF NOT EXISTS "plpgsql"[0m
  ↳ db/schema.rb:16
  [1m[35m (0.5ms)[0m  [1m[35mDROP TABLE IF EXISTS "actors" CASCADE[0m
  ↳ db/schema.rb:18
  [1m[35m (17.6ms)[0m  [1m[35mCREATE TABLE "actors" ("id" bigserial primary key, "name" character varying, "created_at" timestamp NOT NULL, "updated_at" timestamp NOT NULL)[0m
  ↳ db/schema.rb:18
  [1m[35m (1.3ms)[0m  [1m[35mDROP TABLE IF EXISTS "actors_movies" CASCADE[0m
  ↳ db/schema.rb:24
  [1m[35m (0.9ms)[0m  [1m[35mCREATE TABLE "actors_movies" ("actor_id" bigint NOT NULL, "movie_id" bigint NOT NULL)[0m
  ↳ db/schema.rb:24
  [1m[35m (8.0ms)[0m  [1m[35mCREATE  INDEX  "index_actors_movies_on_actor_id_and_movie_id" ON "actors_movies"  ("actor_id", "movie_id")[0m
  ↳ db/schema.rb:24
  [1m[35m (1.0ms)[0m  [1m[35mCREATE  INDEX  "index_actors_movies_on_movie_id_and_actor_id" ON "actors_movies"  ("movie_id", "actor_id")[0m
  ↳ db/schema.rb:24
  [1m[35m (1.2ms)[0m  [1m[35mDROP TABLE IF EXISTS "movies" CASCADE[0m
  ↳ db/schema.rb:31
  [1m[35m (9.5ms)[0m  [1m[35mCREATE TABLE "movies" ("id" bigserial primary key, "title" character varying, "created_at" timestamp NOT NULL, "updated_at" timestamp NOT NULL)[0m
  ↳ db/schema.rb:31
  [1m[35m (2.3ms)[0m  [1m[35mCREATE TABLE "schema_migrations" ("version" character varying NOT NULL PRIMARY KEY)[0m
  ↳ db/schema.rb:13
  [1m[35m (0.5ms)[0m  [1m[34mSELECT "schema_migrations"."version" FROM "schema_migrations" ORDER BY "schema_migrations"."version" ASC[0m
  ↳ db/schema.rb:13
  [1m[35m (0.6ms)[0m  [1m[32mINSERT INTO "schema_migrations" (version) VALUES (20190528192941)[0m
  ↳ db/schema.rb:13
  [1m[35m (0.3ms)[0m  [1m[32mINSERT INTO "schema_migrations" (version) VALUES
(20190528192435),
(20190528192519);

[0m
  ↳ db/schema.rb:13
  [1m[35m (3.1ms)[0m  [1m[35mCREATE TABLE "ar_internal_metadata" ("key" character varying NOT NULL PRIMARY KEY, "value" character varying, "created_at" timestamp NOT NULL, "updated_at" timestamp NOT NULL)[0m
  ↳ db/schema.rb:13
  [1m[36mActiveRecord::InternalMetadata Load (0.4ms)[0m  [1m[34mSELECT  "ar_internal_metadata".* FROM "ar_internal_metadata" WHERE "ar_internal_metadata"."key" = $1 LIMIT $2[0m  [["key", "environment"], ["LIMIT", 1]]
  ↳ db/schema.rb:13
  [1m[35m (0.3ms)[0m  [1m[35mBEGIN[0m
  ↳ db/schema.rb:13
  [1m[36mActiveRecord::InternalMetadata Create (0.4ms)[0m  [1m[32mINSERT INTO "ar_internal_metadata" ("key", "value", "created_at", "updated_at") VALUES ($1, $2, $3, $4) RETURNING "key"[0m  [["key", "environment"], ["value", "development"], ["created_at", "2019-05-28 19:30:14.562779"], ["updated_at", "2019-05-28 19:30:14.562779"]]
  ↳ db/schema.rb:13
  [1m[35m (0.2ms)[0m  [1m[35mCOMMIT[0m
  ↳ db/schema.rb:13
  [1m[36mActiveRecord::InternalMetadata Load (0.2ms)[0m  [1m[34mSELECT  "ar_internal_metadata".* FROM "ar_internal_metadata" WHERE "ar_internal_metadata"."key" = $1 LIMIT $2[0m  [["key", "environment"], ["LIMIT", 1]]
  ↳ bin/rails:9
  [1m[35m (0.2ms)[0m  [1m[35mBEGIN[0m
  ↳ bin/rails:9
  [1m[35m (0.1ms)[0m  [1m[35mCOMMIT[0m
  ↳ bin/rails:9
  [1m[35mSQL (0.3ms)[0m  [1m[35mCREATE EXTENSION IF NOT EXISTS "plpgsql"[0m
  ↳ db/schema.rb:16
  [1m[35m (0.2ms)[0m  [1m[35mDROP TABLE IF EXISTS "actors" CASCADE[0m
  ↳ db/schema.rb:18
  [1m[35m (25.8ms)[0m  [1m[35mCREATE TABLE "actors" ("id" bigserial primary key, "name" character varying, "created_at" timestamp NOT NULL, "updated_at" timestamp NOT NULL)[0m
  ↳ db/schema.rb:18
  [1m[35m (5.5ms)[0m  [1m[35mDROP TABLE IF EXISTS "actors_movies" CASCADE[0m
  ↳ db/schema.rb:24
  [1m[35m (4.4ms)[0m  [1m[35mCREATE TABLE "actors_movies" ("actor_id" bigint NOT NULL, "movie_id" bigint NOT NULL)[0m
  ↳ db/schema.rb:24
  [1m[35m (7.5ms)[0m  [1m[35mCREATE  INDEX  "index_actors_movies_on_actor_id_and_movie_id" ON "actors_movies"  ("actor_id", "movie_id")[0m
  ↳ db/schema.rb:24
  [1m[35m (1.1ms)[0m  [1m[35mCREATE  INDEX  "index_actors_movies_on_movie_id_and_actor_id" ON "actors_movies"  ("movie_id", "actor_id")[0m
  ↳ db/schema.rb:24
  [1m[35m (0.2ms)[0m  [1m[35mDROP TABLE IF EXISTS "movies" CASCADE[0m
  ↳ db/schema.rb:31
  [1m[35m (4.6ms)[0m  [1m[35mCREATE TABLE "movies" ("id" bigserial primary key, "title" character varying, "created_at" timestamp NOT NULL, "updated_at" timestamp NOT NULL)[0m
  ↳ db/schema.rb:31
  [1m[35m (7.4ms)[0m  [1m[35mCREATE TABLE "schema_migrations" ("version" character varying NOT NULL PRIMARY KEY)[0m
  ↳ db/schema.rb:13
  [1m[35m (0.7ms)[0m  [1m[34mSELECT "schema_migrations"."version" FROM "schema_migrations" ORDER BY "schema_migrations"."version" ASC[0m
  ↳ db/schema.rb:13
  [1m[35m (6.1ms)[0m  [1m[32mINSERT INTO "schema_migrations" (version) VALUES (20190528192941)[0m
  ↳ db/schema.rb:13
  [1m[35m (0.5ms)[0m  [1m[32mINSERT INTO "schema_migrations" (version) VALUES
(20190528192435),
(20190528192519);

[0m
  ↳ db/schema.rb:13
  [1m[35m (4.2ms)[0m  [1m[35mCREATE TABLE "ar_internal_metadata" ("key" character varying NOT NULL PRIMARY KEY, "value" character varying, "created_at" timestamp NOT NULL, "updated_at" timestamp NOT NULL)[0m
  ↳ db/schema.rb:13
  [1m[36mActiveRecord::InternalMetadata Load (0.2ms)[0m  [1m[34mSELECT  "ar_internal_metadata".* FROM "ar_internal_metadata" WHERE "ar_internal_metadata"."key" = $1 LIMIT $2[0m  [["key", "environment"], ["LIMIT", 1]]
  ↳ db/schema.rb:13
  [1m[35m (0.1ms)[0m  [1m[35mBEGIN[0m
  ↳ db/schema.rb:13
  [1m[36mActiveRecord::InternalMetadata Create (0.4ms)[0m  [1m[32mINSERT INTO "ar_internal_metadata" ("key", "value", "created_at", "updated_at") VALUES ($1, $2, $3, $4) RETURNING "key"[0m  [["key", "environment"], ["value", "development"], ["created_at", "2019-05-28 19:30:14.678436"], ["updated_at", "2019-05-28 19:30:14.678436"]]
  ↳ db/schema.rb:13
  [1m[35m (0.2ms)[0m  [1m[35mCOMMIT[0m
  ↳ db/schema.rb:13
  [1m[36mActiveRecord::InternalMetadata Load (0.1ms)[0m  [1m[34mSELECT  "ar_internal_metadata".* FROM "ar_internal_metadata" WHERE "ar_internal_metadata"."key" = $1 LIMIT $2[0m  [["key", "environment"], ["LIMIT", 1]]
  ↳ bin/rails:9
  [1m[35m (0.1ms)[0m  [1m[35mBEGIN[0m
  ↳ bin/rails:9
  [1m[36mActiveRecord::InternalMetadata Update (0.3ms)[0m  [1m[33mUPDATE "ar_internal_metadata" SET "value" = $1, "updated_at" = $2 WHERE "ar_internal_metadata"."key" = $3[0m  [["value", "test"], ["updated_at", "2019-05-28 19:30:14.680951"], ["key", "environment"]]
  ↳ bin/rails:9
  [1m[35m (0.2ms)[0m  [1m[35mCOMMIT[0m
  ↳ bin/rails:9
  [1m[35m (0.6ms)[0m  [1m[34mSELECT "schema_migrations"."version" FROM "schema_migrations" ORDER BY "schema_migrations"."version" ASC[0m
  ↳ bin/rails:9
  [1m[35m (0.7ms)[0m  [1m[34mSELECT "schema_migrations"."version" FROM "schema_migrations" ORDER BY "schema_migrations"."version" ASC[0m
  ↳ bin/rails:9
  [1m[35m (0.6ms)[0m  [1m[34mSELECT "ar_internal_metadata"."value" FROM "ar_internal_metadata" WHERE "ar_internal_metadata"."key" = $1[0m  [["key", "environment"]]
  ↳ bin/rails:9
  [1m[35m (0.2ms)[0m  [1m[34mSELECT "schema_migrations"."version" FROM "schema_migrations" ORDER BY "schema_migrations"."version" ASC[0m
  ↳ bin/rails:9
  [1m[35m (0.6ms)[0m  [1m[34mSELECT "ar_internal_metadata"."value" FROM "ar_internal_metadata" WHERE "ar_internal_metadata"."key" = $1[0m  [["key", "environment"]]
  ↳ bin/rails:9
  [1m[35m (0.2ms)[0m  [1m[34mSELECT "schema_migrations"."version" FROM "schema_migrations" ORDER BY "schema_migrations"."version" ASC[0m
  ↳ bin/rails:9
  [1m[35m (0.2ms)[0m  [1m[34mSELECT "ar_internal_metadata"."value" FROM "ar_internal_metadata" WHERE "ar_internal_metadata"."key" = $1[0m  [["key", "environment"]]
  ↳ bin/rails:9
  [1m[35m (8511.9ms)[0m  [1m[35mDROP DATABASE IF EXISTS "actor-movie-api_development"[0m
  ↳ bin/rails:9
  [1m[35m (1.1ms)[0m  [1m[34mSELECT "schema_migrations"."version" FROM "schema_migrations" ORDER BY "schema_migrations"."version" ASC[0m
  ↳ bin/rails:9
  [1m[35m (1.0ms)[0m  [1m[34mSELECT "ar_internal_metadata"."value" FROM "ar_internal_metadata" WHERE "ar_internal_metadata"."key" = $1[0m  [["key", "environment"]]
  ↳ bin/rails:9
  [1m[35m (0.2ms)[0m  [1m[34mSELECT "schema_migrations"."version" FROM "schema_migrations" ORDER BY "schema_migrations"."version" ASC[0m
  ↳ bin/rails:9
  [1m[35m (0.2ms)[0m  [1m[34mSELECT "ar_internal_metadata"."value" FROM "ar_internal_metadata" WHERE "ar_internal_metadata"."key" = $1[0m  [["key", "environment"]]
  ↳ bin/rails:9
  [1m[35m (0.5ms)[0m  [1m[34mSELECT "schema_migrations"."version" FROM "schema_migrations" ORDER BY "schema_migrations"."version" ASC[0m
  ↳ bin/rails:9
  [1m[35m (0.3ms)[0m  [1m[34mSELECT "ar_internal_metadata"."value" FROM "ar_internal_metadata" WHERE "ar_internal_metadata"."key" = $1[0m  [["key", "environment"]]
  ↳ bin/rails:9
  [1m[35m (585.2ms)[0m  [1m[35mDROP DATABASE IF EXISTS "actor-movie-api_development"[0m
  ↳ bin/rails:9
  [1m[35m (325.6ms)[0m  [1m[35mDROP DATABASE IF EXISTS "actor-movie-api_test"[0m
  ↳ bin/rails:9
  [1m[35m (1849.4ms)[0m  [1m[35mCREATE DATABASE "actor-movie-api_development" ENCODING = 'unicode'[0m
  ↳ bin/rails:9
  [1m[35m (500.1ms)[0m  [1m[35mCREATE DATABASE "actor-movie-api_test" ENCODING = 'unicode'[0m
  ↳ bin/rails:9
  [1m[35mSQL (6.1ms)[0m  [1m[35mCREATE EXTENSION IF NOT EXISTS "plpgsql"[0m
  ↳ db/schema.rb:16
  [1m[35m (2.9ms)[0m  [1m[35mDROP TABLE IF EXISTS "actors" CASCADE[0m
  ↳ db/schema.rb:18
  [1m[35m (98.8ms)[0m  [1m[35mCREATE TABLE "actors" ("id" bigserial primary key, "name" character varying, "created_at" timestamp NOT NULL, "updated_at" timestamp NOT NULL)[0m
  ↳ db/schema.rb:18
  [1m[35m (1.5ms)[0m  [1m[35mDROP TABLE IF EXISTS "actors_movies" CASCADE[0m
  ↳ db/schema.rb:24
  [1m[35m (3.0ms)[0m  [1m[35mCREATE TABLE "actors_movies" ("actor_id" bigint NOT NULL, "movie_id" bigint NOT NULL)[0m
  ↳ db/schema.rb:24
  [1m[35m (53.1ms)[0m  [1m[35mCREATE  INDEX  "index_actors_movies_on_actor_id_and_movie_id" ON "actors_movies"  ("actor_id", "movie_id")[0m
  ↳ db/schema.rb:24
  [1m[35m (24.7ms)[0m  [1m[35mCREATE  INDEX  "index_actors_movies_on_movie_id_and_actor_id" ON "actors_movies"  ("movie_id", "actor_id")[0m
  ↳ db/schema.rb:24
  [1m[35m (2.0ms)[0m  [1m[35mDROP TABLE IF EXISTS "movies" CASCADE[0m
  ↳ db/schema.rb:31
  [1m[35m (54.4ms)[0m  [1m[35mCREATE TABLE "movies" ("id" bigserial primary key, "title" character varying, "created_at" timestamp NOT NULL, "updated_at" timestamp NOT NULL)[0m
  ↳ db/schema.rb:31
  [1m[35m (55.1ms)[0m  [1m[35mCREATE TABLE "schema_migrations" ("version" character varying NOT NULL PRIMARY KEY)[0m
  ↳ db/schema.rb:13
  [1m[35m (0.6ms)[0m  [1m[34mSELECT "schema_migrations"."version" FROM "schema_migrations" ORDER BY "schema_migrations"."version" ASC[0m
  ↳ db/schema.rb:13
  [1m[35m (20.8ms)[0m  [1m[32mINSERT INTO "schema_migrations" (version) VALUES (20190528192941)[0m
  ↳ db/schema.rb:13
  [1m[35m (4.9ms)[0m  [1m[32mINSERT INTO "schema_migrations" (version) VALUES
(20190528192435),
(20190528192519);

[0m
  ↳ db/schema.rb:13
  [1m[35m (4.0ms)[0m  [1m[35mCREATE TABLE "ar_internal_metadata" ("key" character varying NOT NULL PRIMARY KEY, "value" character varying, "created_at" timestamp NOT NULL, "updated_at" timestamp NOT NULL)[0m
  ↳ db/schema.rb:13
  [1m[36mActiveRecord::InternalMetadata Load (0.7ms)[0m  [1m[34mSELECT  "ar_internal_metadata".* FROM "ar_internal_metadata" WHERE "ar_internal_metadata"."key" = $1 LIMIT $2[0m  [["key", "environment"], ["LIMIT", 1]]
  ↳ db/schema.rb:13
  [1m[35m (0.2ms)[0m  [1m[35mBEGIN[0m
  ↳ db/schema.rb:13
  [1m[36mActiveRecord::InternalMetadata Create (0.5ms)[0m  [1m[32mINSERT INTO "ar_internal_metadata" ("key", "value", "created_at", "updated_at") VALUES ($1, $2, $3, $4) RETURNING "key"[0m  [["key", "environment"], ["value", "development"], ["created_at", "2019-05-28 19:33:19.999090"], ["updated_at", "2019-05-28 19:33:19.999090"]]
  ↳ db/schema.rb:13
  [1m[35m (2.0ms)[0m  [1m[35mCOMMIT[0m
  ↳ db/schema.rb:13
  [1m[36mActiveRecord::InternalMetadata Load (0.4ms)[0m  [1m[34mSELECT  "ar_internal_metadata".* FROM "ar_internal_metadata" WHERE "ar_internal_metadata"."key" = $1 LIMIT $2[0m  [["key", "environment"], ["LIMIT", 1]]
  ↳ bin/rails:9
  [1m[35m (0.6ms)[0m  [1m[35mBEGIN[0m
  ↳ bin/rails:9
  [1m[35m (0.1ms)[0m  [1m[35mCOMMIT[0m
  ↳ bin/rails:9
  [1m[35mSQL (1.1ms)[0m  [1m[35mCREATE EXTENSION IF NOT EXISTS "plpgsql"[0m
  ↳ db/schema.rb:16
  [1m[35m (0.3ms)[0m  [1m[35mDROP TABLE IF EXISTS "actors" CASCADE[0m
  ↳ db/schema.rb:18
  [1m[35m (107.2ms)[0m  [1m[35mCREATE TABLE "actors" ("id" bigserial primary key, "name" character varying, "created_at" timestamp NOT NULL, "updated_at" timestamp NOT NULL)[0m
  ↳ db/schema.rb:18
  [1m[35m (0.3ms)[0m  [1m[35mDROP TABLE IF EXISTS "actors_movies" CASCADE[0m
  ↳ db/schema.rb:24
  [1m[35m (10.8ms)[0m  [1m[35mCREATE TABLE "actors_movies" ("actor_id" bigint NOT NULL, "movie_id" bigint NOT NULL)[0m
  ↳ db/schema.rb:24
  [1m[35m (1.2ms)[0m  [1m[35mCREATE  INDEX  "index_actors_movies_on_actor_id_and_movie_id" ON "actors_movies"  ("actor_id", "movie_id")[0m
  ↳ db/schema.rb:24
  [1m[35m (1.6ms)[0m  [1m[35mCREATE  INDEX  "index_actors_movies_on_movie_id_and_actor_id" ON "actors_movies"  ("movie_id", "actor_id")[0m
  ↳ db/schema.rb:24
  [1m[35m (4.8ms)[0m  [1m[35mDROP TABLE IF EXISTS "movies" CASCADE[0m
  ↳ db/schema.rb:31
  [1m[35m (33.1ms)[0m  [1m[35mCREATE TABLE "movies" ("id" bigserial primary key, "title" character varying, "created_at" timestamp NOT NULL, "updated_at" timestamp NOT NULL)[0m
  ↳ db/schema.rb:31
  [1m[35m (11.7ms)[0m  [1m[35mCREATE TABLE "schema_migrations" ("version" character varying NOT NULL PRIMARY KEY)[0m
  ↳ db/schema.rb:13
  [1m[35m (0.9ms)[0m  [1m[34mSELECT "schema_migrations"."version" FROM "schema_migrations" ORDER BY "schema_migrations"."version" ASC[0m
  ↳ db/schema.rb:13
  [1m[35m (0.7ms)[0m  [1m[32mINSERT INTO "schema_migrations" (version) VALUES (20190528192941)[0m
  ↳ db/schema.rb:13
  [1m[35m (0.6ms)[0m  [1m[32mINSERT INTO "schema_migrations" (version) VALUES
(20190528192435),
(20190528192519);

[0m
  ↳ db/schema.rb:13
  [1m[35m (29.2ms)[0m  [1m[35mCREATE TABLE "ar_internal_metadata" ("key" character varying NOT NULL PRIMARY KEY, "value" character varying, "created_at" timestamp NOT NULL, "updated_at" timestamp NOT NULL)[0m
  ↳ db/schema.rb:13
  [1m[36mActiveRecord::InternalMetadata Load (0.7ms)[0m  [1m[34mSELECT  "ar_internal_metadata".* FROM "ar_internal_metadata" WHERE "ar_internal_metadata"."key" = $1 LIMIT $2[0m  [["key", "environment"], ["LIMIT", 1]]
  ↳ db/schema.rb:13
  [1m[35m (0.1ms)[0m  [1m[35mBEGIN[0m
  ↳ db/schema.rb:13
  [1m[36mActiveRecord::InternalMetadata Create (0.5ms)[0m  [1m[32mINSERT INTO "ar_internal_metadata" ("key", "value", "created_at", "updated_at") VALUES ($1, $2, $3, $4) RETURNING "key"[0m  [["key", "environment"], ["value", "development"], ["created_at", "2019-05-28 19:33:20.257814"], ["updated_at", "2019-05-28 19:33:20.257814"]]
  ↳ db/schema.rb:13
  [1m[35m (0.5ms)[0m  [1m[35mCOMMIT[0m
  ↳ db/schema.rb:13
  [1m[36mActiveRecord::InternalMetadata Load (0.2ms)[0m  [1m[34mSELECT  "ar_internal_metadata".* FROM "ar_internal_metadata" WHERE "ar_internal_metadata"."key" = $1 LIMIT $2[0m  [["key", "environment"], ["LIMIT", 1]]
  ↳ bin/rails:9
  [1m[35m (0.1ms)[0m  [1m[35mBEGIN[0m
  ↳ bin/rails:9
  [1m[36mActiveRecord::InternalMetadata Update (0.4ms)[0m  [1m[33mUPDATE "ar_internal_metadata" SET "value" = $1, "updated_at" = $2 WHERE "ar_internal_metadata"."key" = $3[0m  [["value", "test"], ["updated_at", "2019-05-28 19:33:20.261683"], ["key", "environment"]]
  ↳ bin/rails:9
  [1m[35m (0.3ms)[0m  [1m[35mCOMMIT[0m
  ↳ bin/rails:9
  [1m[35m (0.9ms)[0m  [1m[34mSELECT "schema_migrations"."version" FROM "schema_migrations" ORDER BY "schema_migrations"."version" ASC[0m
  ↳ bin/rails:9
  [1m[35m (0.3ms)[0m  [1m[35mBEGIN[0m
  ↳ db/seeds.rb:1
  [1m[36mMovie Create (1.0ms)[0m  [1m[32mINSERT INTO "movies" ("title", "created_at", "updated_at") VALUES ($1, $2, $3) RETURNING "id"[0m  [["title", "Black Panther"], ["created_at", "2019-05-28 19:33:20.300263"], ["updated_at", "2019-05-28 19:33:20.300263"]]
  ↳ db/seeds.rb:1
  [1m[35m (5.3ms)[0m  [1m[35mCOMMIT[0m
  ↳ db/seeds.rb:1
  [1m[35m (0.2ms)[0m  [1m[35mBEGIN[0m
  ↳ db/seeds.rb:2
  [1m[36mMovie Create (0.4ms)[0m  [1m[32mINSERT INTO "movies" ("title", "created_at", "updated_at") VALUES ($1, $2, $3) RETURNING "id"[0m  [["title", "Friends With Benefits"], ["created_at", "2019-05-28 19:33:20.309055"], ["updated_at", "2019-05-28 19:33:20.309055"]]
  ↳ db/seeds.rb:2
  [1m[35m (5.3ms)[0m  [1m[35mCOMMIT[0m
  ↳ db/seeds.rb:2
  [1m[35m (0.7ms)[0m  [1m[35mBEGIN[0m
  ↳ db/seeds.rb:3
  [1m[36mMovie Create (2.2ms)[0m  [1m[32mINSERT INTO "movies" ("title", "created_at", "updated_at") VALUES ($1, $2, $3) RETURNING "id"[0m  [["title", "Waiting to Exhale"], ["created_at", "2019-05-28 19:33:20.317563"], ["updated_at", "2019-05-28 19:33:20.317563"]]
  ↳ db/seeds.rb:3
  [1m[35m (1.4ms)[0m  [1m[35mCOMMIT[0m
  ↳ db/seeds.rb:3
  [1m[35m (0.1ms)[0m  [1m[35mBEGIN[0m
  ↳ db/seeds.rb:4
  [1m[36mMovie Create (0.5ms)[0m  [1m[32mINSERT INTO "movies" ("title", "created_at", "updated_at") VALUES ($1, $2, $3) RETURNING "id"[0m  [["title", "Us"], ["created_at", "2019-05-28 19:33:20.322868"], ["updated_at", "2019-05-28 19:33:20.322868"]]
  ↳ db/seeds.rb:4
  [1m[35m (0.7ms)[0m  [1m[35mCOMMIT[0m
  ↳ db/seeds.rb:4
  [1m[35m (0.5ms)[0m  [1m[35mBEGIN[0m
  ↳ db/seeds.rb:5
  [1m[36mMovie Create (0.4ms)[0m  [1m[32mINSERT INTO "movies" ("title", "created_at", "updated_at") VALUES ($1, $2, $3) RETURNING "id"[0m  [["title", "Fast and Furious"], ["created_at", "2019-05-28 19:33:20.325976"], ["updated_at", "2019-05-28 19:33:20.325976"]]
  ↳ db/seeds.rb:5
  [1m[35m (0.3ms)[0m  [1m[35mCOMMIT[0m
  ↳ db/seeds.rb:5
  [1m[35m (0.1ms)[0m  [1m[35mBEGIN[0m
  ↳ db/seeds.rb:6
  [1m[36mMovie Create (0.3ms)[0m  [1m[32mINSERT INTO "movies" ("title", "created_at", "updated_at") VALUES ($1, $2, $3) RETURNING "id"[0m  [["title", "Furious and Fast"], ["created_at", "2019-05-28 19:33:20.328421"], ["updated_at", "2019-05-28 19:33:20.328421"]]
  ↳ db/seeds.rb:6
  [1m[35m (0.5ms)[0m  [1m[35mCOMMIT[0m
  ↳ db/seeds.rb:6
  [1m[35m (0.1ms)[0m  [1m[35mBEGIN[0m
  ↳ db/seeds.rb:8
  [1m[36mActor Create (0.7ms)[0m  [1m[32mINSERT INTO "actors" ("name", "created_at", "updated_at") VALUES ($1, $2, $3) RETURNING "id"[0m  [["name", "Angela Bassett"], ["created_at", "2019-05-28 19:33:20.343659"], ["updated_at", "2019-05-28 19:33:20.343659"]]
  ↳ db/seeds.rb:8
  [1m[35m (0.9ms)[0m  [1m[35mCOMMIT[0m
  ↳ db/seeds.rb:8
  [1m[35m (0.1ms)[0m  [1m[35mBEGIN[0m
  ↳ db/seeds.rb:9
  [1m[36mActor Create (0.4ms)[0m  [1m[32mINSERT INTO "actors" ("name", "created_at", "updated_at") VALUES ($1, $2, $3) RETURNING "id"[0m  [["name", "Chadwick Boseman"], ["created_at", "2019-05-28 19:33:20.346846"], ["updated_at", "2019-05-28 19:33:20.346846"]]
  ↳ db/seeds.rb:9
  [1m[35m (28.9ms)[0m  [1m[35mCOMMIT[0m
  ↳ db/seeds.rb:9
  [1m[35m (0.2ms)[0m  [1m[35mBEGIN[0m
  ↳ db/seeds.rb:10
  [1m[36mActor Create (0.3ms)[0m  [1m[32mINSERT INTO "actors" ("name", "created_at", "updated_at") VALUES ($1, $2, $3) RETURNING "id"[0m  [["name", "Winston Duke"], ["created_at", "2019-05-28 19:33:20.378163"], ["updated_at", "2019-05-28 19:33:20.378163"]]
  ↳ db/seeds.rb:10
  [1m[35m (4.6ms)[0m  [1m[35mCOMMIT[0m
  ↳ db/seeds.rb:10
  [1m[35m (0.2ms)[0m  [1m[35mBEGIN[0m
  ↳ db/seeds.rb:11
  [1m[36mActor Create (0.4ms)[0m  [1m[32mINSERT INTO "actors" ("name", "created_at", "updated_at") VALUES ($1, $2, $3) RETURNING "id"[0m  [["name", "Lupita N'yongo"], ["created_at", "2019-05-28 19:33:20.384879"], ["updated_at", "2019-05-28 19:33:20.384879"]]
  ↳ db/seeds.rb:11
  [1m[35m (0.4ms)[0m  [1m[35mCOMMIT[0m
  ↳ db/seeds.rb:11
  [1m[35m (0.1ms)[0m  [1m[35mBEGIN[0m
  ↳ db/seeds.rb:13
  [1m[36mActor::HABTM_Movies Create (0.7ms)[0m  [1m[32mINSERT INTO "actors_movies" ("actor_id", "movie_id") VALUES ($1, $2)[0m  [["actor_id", 1], ["movie_id", 1]]
  ↳ db/seeds.rb:13
  [1m[36mActor::HABTM_Movies Create (0.3ms)[0m  [1m[32mINSERT INTO "actors_movies" ("actor_id", "movie_id") VALUES ($1, $2)[0m  [["actor_id", 1], ["movie_id", 3]]
  ↳ db/seeds.rb:13
  [1m[35m (3.2ms)[0m  [1m[35mCOMMIT[0m
  ↳ db/seeds.rb:13
  [1m[35m (0.1ms)[0m  [1m[35mBEGIN[0m
  ↳ db/seeds.rb:14
  [1m[36mActor::HABTM_Movies Create (0.2ms)[0m  [1m[32mINSERT INTO "actors_movies" ("actor_id", "movie_id") VALUES ($1, $2)[0m  [["actor_id", 2], ["movie_id", 2]]
  ↳ db/seeds.rb:14
  [1m[35m (1.8ms)[0m  [1m[35mCOMMIT[0m
  ↳ db/seeds.rb:14
  [1m[35m (0.2ms)[0m  [1m[35mBEGIN[0m
  ↳ db/seeds.rb:15
  [1m[36mActor::HABTM_Movies Create (0.4ms)[0m  [1m[32mINSERT INTO "actors_movies" ("actor_id", "movie_id") VALUES ($1, $2)[0m  [["actor_id", 3], ["movie_id", 5]]
  ↳ db/seeds.rb:15
  [1m[36mActor::HABTM_Movies Create (0.3ms)[0m  [1m[32mINSERT INTO "actors_movies" ("actor_id", "movie_id") VALUES ($1, $2)[0m  [["actor_id", 3], ["movie_id", 4]]
  ↳ db/seeds.rb:15
  [1m[35m (0.3ms)[0m  [1m[35mCOMMIT[0m
  ↳ db/seeds.rb:15
  [1m[35m (0.1ms)[0m  [1m[35mBEGIN[0m
  ↳ db/seeds.rb:16
  [1m[36mActor::HABTM_Movies Create (0.7ms)[0m  [1m[32mINSERT INTO "actors_movies" ("actor_id", "movie_id") VALUES ($1, $2)[0m  [["actor_id", 4], ["movie_id", 6]]
  ↳ db/seeds.rb:16
  [1m[36mActor::HABTM_Movies Create (0.3ms)[0m  [1m[32mINSERT INTO "actors_movies" ("actor_id", "movie_id") VALUES ($1, $2)[0m  [["actor_id", 4], ["movie_id", 4]]
  ↳ db/seeds.rb:16
  [1m[35m (5.1ms)[0m  [1m[35mCOMMIT[0m
  ↳ db/seeds.rb:16
Started GET "/" for ::1 at 2019-05-28 15:38:04 -0400
  [1m[35m (1.2ms)[0m  [1m[34mSELECT "schema_migrations"."version" FROM "schema_migrations" ORDER BY "schema_migrations"."version" ASC[0m
  ↳ /Users/caiyang/.rbenv/versions/2.6.3/lib/ruby/gems/2.6.0/gems/activerecord-5.2.3/lib/active_record/log_subscriber.rb:98
Processing by Rails::WelcomeController#index as HTML
  Rendering /Users/caiyang/.rbenv/versions/2.6.3/lib/ruby/gems/2.6.0/gems/railties-5.2.3/lib/rails/templates/rails/welcome/index.html.erb
  Rendered /Users/caiyang/.rbenv/versions/2.6.3/lib/ruby/gems/2.6.0/gems/railties-5.2.3/lib/rails/templates/rails/welcome/index.html.erb (3.5ms)
Completed 200 OK in 17ms (Views: 7.4ms | ActiveRecord: 0.0ms)


Started GET "/actors/1" for ::1 at 2019-05-28 15:38:14 -0400
  
ActionController::RoutingError (No route matches [GET] "/actors/1"):
  
actionpack (5.2.3) lib/action_dispatch/middleware/debug_exceptions.rb:65:in `call'
actionpack (5.2.3) lib/action_dispatch/middleware/show_exceptions.rb:33:in `call'
railties (5.2.3) lib/rails/rack/logger.rb:38:in `call_app'
railties (5.2.3) lib/rails/rack/logger.rb:26:in `block in call'
activesupport (5.2.3) lib/active_support/tagged_logging.rb:71:in `block in tagged'
activesupport (5.2.3) lib/active_support/tagged_logging.rb:28:in `tagged'
activesupport (5.2.3) lib/active_support/tagged_logging.rb:71:in `tagged'
railties (5.2.3) lib/rails/rack/logger.rb:26:in `call'
actionpack (5.2.3) lib/action_dispatch/middleware/remote_ip.rb:81:in `call'
actionpack (5.2.3) lib/action_dispatch/middleware/request_id.rb:27:in `call'
rack (2.0.7) lib/rack/runtime.rb:22:in `call'
activesupport (5.2.3) lib/active_support/cache/strategy/local_cache_middleware.rb:29:in `call'
actionpack (5.2.3) lib/action_dispatch/middleware/executor.rb:14:in `call'
actionpack (5.2.3) lib/action_dispatch/middleware/static.rb:127:in `call'
rack (2.0.7) lib/rack/sendfile.rb:111:in `call'
railties (5.2.3) lib/rails/engine.rb:524:in `call'
puma (3.12.1) lib/puma/configuration.rb:227:in `call'
puma (3.12.1) lib/puma/server.rb:660:in `handle_request'
puma (3.12.1) lib/puma/server.rb:474:in `process_client'
puma (3.12.1) lib/puma/server.rb:334:in `block in run'
puma (3.12.1) lib/puma/thread_pool.rb:135:in `block in spawn_thread'
Started GET "/movies/1" for ::1 at 2019-05-28 15:39:13 -0400
  
ActionController::RoutingError (No route matches [GET] "/movies/1"):
  
actionpack (5.2.3) lib/action_dispatch/middleware/debug_exceptions.rb:65:in `call'
actionpack (5.2.3) lib/action_dispatch/middleware/show_exceptions.rb:33:in `call'
railties (5.2.3) lib/rails/rack/logger.rb:38:in `call_app'
railties (5.2.3) lib/rails/rack/logger.rb:26:in `block in call'
activesupport (5.2.3) lib/active_support/tagged_logging.rb:71:in `block in tagged'
activesupport (5.2.3) lib/active_support/tagged_logging.rb:28:in `tagged'
activesupport (5.2.3) lib/active_support/tagged_logging.rb:71:in `tagged'
railties (5.2.3) lib/rails/rack/logger.rb:26:in `call'
actionpack (5.2.3) lib/action_dispatch/middleware/remote_ip.rb:81:in `call'
actionpack (5.2.3) lib/action_dispatch/middleware/request_id.rb:27:in `call'
rack (2.0.7) lib/rack/runtime.rb:22:in `call'
activesupport (5.2.3) lib/active_support/cache/strategy/local_cache_middleware.rb:29:in `call'
actionpack (5.2.3) lib/action_dispatch/middleware/executor.rb:14:in `call'
actionpack (5.2.3) lib/action_dispatch/middleware/static.rb:127:in `call'
rack (2.0.7) lib/rack/sendfile.rb:111:in `call'
railties (5.2.3) lib/rails/engine.rb:524:in `call'
puma (3.12.1) lib/puma/configuration.rb:227:in `call'
puma (3.12.1) lib/puma/server.rb:660:in `handle_request'
puma (3.12.1) lib/puma/server.rb:474:in `process_client'
puma (3.12.1) lib/puma/server.rb:334:in `block in run'
puma (3.12.1) lib/puma/thread_pool.rb:135:in `block in spawn_thread'
Started GET "/movies/1" for ::1 at 2019-05-28 15:40:22 -0400
  
ActionController::RoutingError (No route matches [GET] "/movies/1"):
  
actionpack (5.2.3) lib/action_dispatch/middleware/debug_exceptions.rb:65:in `call'
actionpack (5.2.3) lib/action_dispatch/middleware/show_exceptions.rb:33:in `call'
railties (5.2.3) lib/rails/rack/logger.rb:38:in `call_app'
railties (5.2.3) lib/rails/rack/logger.rb:26:in `block in call'
activesupport (5.2.3) lib/active_support/tagged_logging.rb:71:in `block in tagged'
activesupport (5.2.3) lib/active_support/tagged_logging.rb:28:in `tagged'
activesupport (5.2.3) lib/active_support/tagged_logging.rb:71:in `tagged'
railties (5.2.3) lib/rails/rack/logger.rb:26:in `call'
actionpack (5.2.3) lib/action_dispatch/middleware/remote_ip.rb:81:in `call'
actionpack (5.2.3) lib/action_dispatch/middleware/request_id.rb:27:in `call'
rack (2.0.7) lib/rack/runtime.rb:22:in `call'
activesupport (5.2.3) lib/active_support/cache/strategy/local_cache_middleware.rb:29:in `call'
actionpack (5.2.3) lib/action_dispatch/middleware/executor.rb:14:in `call'
actionpack (5.2.3) lib/action_dispatch/middleware/static.rb:127:in `call'
rack (2.0.7) lib/rack/sendfile.rb:111:in `call'
railties (5.2.3) lib/rails/engine.rb:524:in `call'
puma (3.12.1) lib/puma/configuration.rb:227:in `call'
puma (3.12.1) lib/puma/server.rb:660:in `handle_request'
puma (3.12.1) lib/puma/server.rb:474:in `process_client'
puma (3.12.1) lib/puma/server.rb:334:in `block in run'
puma (3.12.1) lib/puma/thread_pool.rb:135:in `block in spawn_thread'
Started GET "/movies/1/actors" for ::1 at 2019-05-28 15:40:49 -0400
Processing by ActorsController#index as HTML
  Parameters: {"movie_id"=>"1"}
  [1m[36mMovie Load (0.7ms)[0m  [1m[34mSELECT  "movies".* FROM "movies" WHERE "movies"."id" = $1 LIMIT $2[0m  [["id", 1], ["LIMIT", 1]]
  ↳ app/controllers/actors_controller.rb:3
Completed 500 Internal Server Error in 66ms (ActiveRecord: 13.2ms)


  
NoMethodError (undefined method `actors' for #<Movie:0x00007f83d6a19878>):
  
app/controllers/actors_controller.rb:4:in `index'
Started GET "/movies/1/actors" for ::1 at 2019-05-28 15:41:30 -0400
Processing by ActorsController#index as HTML
  Parameters: {"movie_id"=>"1"}
  [1m[36mMovie Load (0.3ms)[0m  [1m[34mSELECT  "movies".* FROM "movies" WHERE "movies"."id" = $1 LIMIT $2[0m  [["id", 1], ["LIMIT", 1]]
  ↳ app/controllers/actors_controller.rb:3
Completed 500 Internal Server Error in 26ms (ActiveRecord: 5.2ms)


  
NoMethodError (undefined method `actors' for #<Movie:0x00007f83d51ee190>):
  
app/controllers/actors_controller.rb:4:in `index'
Started GET "/movies/1/actors" for ::1 at 2019-05-28 15:44:28 -0400
Processing by ActorsController#index as HTML
  Parameters: {"movie_id"=>"1"}
  [1m[36mMovie Load (0.4ms)[0m  [1m[34mSELECT  "movies".* FROM "movies" WHERE "movies"."id" = $1 LIMIT $2[0m  [["id", 1], ["LIMIT", 1]]
  ↳ app/controllers/actors_controller.rb:10
Completed 500 Internal Server Error in 28ms (ActiveRecord: 10.3ms)


  
NoMethodError (undefined method `actors' for #<Movie:0x00007f83d619a198>):
  
app/controllers/actors_controller.rb:11:in `index'
Started GET "/movies/1/actors" for ::1 at 2019-05-28 15:44:35 -0400
Processing by ActorsController#index as HTML
  Parameters: {"movie_id"=>"1"}
  [1m[36mMovie Load (6.6ms)[0m  [1m[34mSELECT  "movies".* FROM "movies" WHERE "movies"."id" = $1 LIMIT $2[0m  [["id", 1], ["LIMIT", 1]]
  ↳ app/controllers/actors_controller.rb:4
Completed 500 Internal Server Error in 87ms (ActiveRecord: 74.0ms)


  
NoMethodError (undefined method `actors' for #<Movie:0x00007f83d6193cf8>):
  
app/controllers/actors_controller.rb:5:in `index'
Started GET "/movies/1/actors" for ::1 at 2019-05-28 15:45:35 -0400
Processing by ActorsController#index as HTML
  Parameters: {"movie_id"=>"1"}
  [1m[36mMovie Load (0.8ms)[0m  [1m[34mSELECT  "movies".* FROM "movies" WHERE "movies"."id" = $1 LIMIT $2[0m  [["id", 1], ["LIMIT", 1]]
  ↳ app/controllers/actors_controller.rb:4
Completed 500 Internal Server Error in 146ms (ActiveRecord: 129.6ms)


  
NoMethodError (undefined method `actor' for #<Movie:0x00007f83d61b8fa8>):
  
app/controllers/actors_controller.rb:5:in `index'
Started GET "/movies/1/actors" for ::1 at 2019-05-28 15:46:04 -0400
Processing by ActorsController#index as HTML
  Parameters: {"movie_id"=>"1"}
  [1m[36mMovie Load (0.4ms)[0m  [1m[34mSELECT  "movies".* FROM "movies" WHERE "movies"."id" = $1 LIMIT $2[0m  [["id", 1], ["LIMIT", 1]]
  ↳ app/controllers/actors_controller.rb:4
Completed 500 Internal Server Error in 22ms (ActiveRecord: 6.4ms)


  
NoMethodError (undefined method `actors' for #<Movie:0x00007f83d61fa368>):
  
app/controllers/actors_controller.rb:5:in `index'
Started GET "/movies/1/actors" for ::1 at 2019-05-28 15:47:20 -0400
  [1m[35m (1.0ms)[0m  [1m[34mSELECT "schema_migrations"."version" FROM "schema_migrations" ORDER BY "schema_migrations"."version" ASC[0m
  ↳ /Users/caiyang/.rbenv/versions/2.6.3/lib/ruby/gems/2.6.0/gems/activerecord-5.2.3/lib/active_record/log_subscriber.rb:98
Processing by ActorsController#index as HTML
  Parameters: {"movie_id"=>"1"}
  [1m[36mMovie Load (2.2ms)[0m  [1m[34mSELECT  "movies".* FROM "movies" WHERE "movies"."id" = $1 LIMIT $2[0m  [["id", 1], ["LIMIT", 1]]
  ↳ app/controllers/actors_controller.rb:4
Completed 500 Internal Server Error in 35ms (ActiveRecord: 7.5ms)


  
NoMethodError (undefined method `actors' for #<Movie:0x00007f814b52b218>):
  
app/controllers/actors_controller.rb:5:in `index'
  [1m[36mMovie Load (1.9ms)[0m  [1m[34mSELECT  "movies".* FROM "movies" WHERE "movies"."id" = $1 LIMIT $2[0m  [["id", 1], ["LIMIT", 1]]
  [1m[36mMovie Load (2.5ms)[0m  [1m[34mSELECT  "movies".* FROM "movies" WHERE "movies"."id" = $1 LIMIT $2[0m  [["id", 1], ["LIMIT", 1]]
  [1m[36mMovie Load (2.2ms)[0m  [1m[34mSELECT  "movies".* FROM "movies" ORDER BY "movies"."id" DESC LIMIT $1[0m  [["LIMIT", 1]]
  [1m[35m (1.8ms)[0m  [1m[34mSELECT "schema_migrations"."version" FROM "schema_migrations" ORDER BY "schema_migrations"."version" ASC[0m
  ↳ bin/rails:9
  [1m[35m (0.7ms)[0m  [1m[34mSELECT "ar_internal_metadata"."value" FROM "ar_internal_metadata" WHERE "ar_internal_metadata"."key" = $1[0m  [["key", "environment"]]
  ↳ bin/rails:9
  [1m[35m (0.2ms)[0m  [1m[34mSELECT "schema_migrations"."version" FROM "schema_migrations" ORDER BY "schema_migrations"."version" ASC[0m
  ↳ bin/rails:9
  [1m[35m (0.2ms)[0m  [1m[34mSELECT "ar_internal_metadata"."value" FROM "ar_internal_metadata" WHERE "ar_internal_metadata"."key" = $1[0m  [["key", "environment"]]
  ↳ bin/rails:9
  [1m[35m (0.2ms)[0m  [1m[34mSELECT "schema_migrations"."version" FROM "schema_migrations" ORDER BY "schema_migrations"."version" ASC[0m
  ↳ bin/rails:9
  [1m[35m (0.2ms)[0m  [1m[34mSELECT "ar_internal_metadata"."value" FROM "ar_internal_metadata" WHERE "ar_internal_metadata"."key" = $1[0m  [["key", "environment"]]
  ↳ bin/rails:9
  [1m[35m (8185.7ms)[0m  [1m[35mDROP DATABASE IF EXISTS "actor-movie-api_development"[0m
  ↳ bin/rails:9
  [1m[35m (12.6ms)[0m  [1m[34mSELECT "schema_migrations"."version" FROM "schema_migrations" ORDER BY "schema_migrations"."version" ASC[0m
  ↳ bin/rails:9
  [1m[35m (0.6ms)[0m  [1m[34mSELECT "ar_internal_metadata"."value" FROM "ar_internal_metadata" WHERE "ar_internal_metadata"."key" = $1[0m  [["key", "environment"]]
  ↳ bin/rails:9
  [1m[35m (0.2ms)[0m  [1m[34mSELECT "schema_migrations"."version" FROM "schema_migrations" ORDER BY "schema_migrations"."version" ASC[0m
  ↳ bin/rails:9
  [1m[35m (0.8ms)[0m  [1m[34mSELECT "ar_internal_metadata"."value" FROM "ar_internal_metadata" WHERE "ar_internal_metadata"."key" = $1[0m  [["key", "environment"]]
  ↳ bin/rails:9
  [1m[35m (0.4ms)[0m  [1m[34mSELECT "schema_migrations"."version" FROM "schema_migrations" ORDER BY "schema_migrations"."version" ASC[0m
  ↳ bin/rails:9
  [1m[35m (0.4ms)[0m  [1m[34mSELECT "ar_internal_metadata"."value" FROM "ar_internal_metadata" WHERE "ar_internal_metadata"."key" = $1[0m  [["key", "environment"]]
  ↳ bin/rails:9
  [1m[35m (739.4ms)[0m  [1m[35mDROP DATABASE IF EXISTS "actor-movie-api_development"[0m
  ↳ bin/rails:9
  [1m[35m (365.1ms)[0m  [1m[35mDROP DATABASE IF EXISTS "actor-movie-api_test"[0m
  ↳ bin/rails:9
  [1m[35m (1685.7ms)[0m  [1m[35mCREATE DATABASE "actor-movie-api_development" ENCODING = 'unicode'[0m
  ↳ bin/rails:9
  [1m[35m (506.6ms)[0m  [1m[35mCREATE DATABASE "actor-movie-api_test" ENCODING = 'unicode'[0m
  ↳ bin/rails:9
  [1m[35mSQL (0.4ms)[0m  [1m[35mCREATE EXTENSION IF NOT EXISTS "plpgsql"[0m
  ↳ db/schema.rb:16
  [1m[35m (0.2ms)[0m  [1m[35mDROP TABLE IF EXISTS "actors" CASCADE[0m
  ↳ db/schema.rb:18
  [1m[35m (21.5ms)[0m  [1m[35mCREATE TABLE "actors" ("id" bigserial primary key, "name" character varying, "created_at" timestamp NOT NULL, "updated_at" timestamp NOT NULL)[0m
  ↳ db/schema.rb:18
  [1m[35m (0.4ms)[0m  [1m[35mDROP TABLE IF EXISTS "actors_movies" CASCADE[0m
  ↳ db/schema.rb:24
  [1m[35m (1.5ms)[0m  [1m[35mCREATE TABLE "actors_movies" ("actor_id" bigint NOT NULL, "movie_id" bigint NOT NULL)[0m
  ↳ db/schema.rb:24
  [1m[35m (1.5ms)[0m  [1m[35mCREATE  INDEX  "index_actors_movies_on_actor_id_and_movie_id" ON "actors_movies"  ("actor_id", "movie_id")[0m
  ↳ db/schema.rb:24
  [1m[35m (1.2ms)[0m  [1m[35mCREATE  INDEX  "index_actors_movies_on_movie_id_and_actor_id" ON "actors_movies"  ("movie_id", "actor_id")[0m
  ↳ db/schema.rb:24
  [1m[35m (3.4ms)[0m  [1m[35mDROP TABLE IF EXISTS "movies" CASCADE[0m
  ↳ db/schema.rb:31
  [1m[35m (5.2ms)[0m  [1m[35mCREATE TABLE "movies" ("id" bigserial primary key, "title" character varying, "created_at" timestamp NOT NULL, "updated_at" timestamp NOT NULL)[0m
  ↳ db/schema.rb:31
  [1m[35m (15.7ms)[0m  [1m[35mCREATE TABLE "schema_migrations" ("version" character varying NOT NULL PRIMARY KEY)[0m
  ↳ db/schema.rb:13
  [1m[35m (0.6ms)[0m  [1m[34mSELECT "schema_migrations"."version" FROM "schema_migrations" ORDER BY "schema_migrations"."version" ASC[0m
  ↳ db/schema.rb:13
  [1m[35m (0.7ms)[0m  [1m[32mINSERT INTO "schema_migrations" (version) VALUES (20190528192941)[0m
  ↳ db/schema.rb:13
  [1m[35m (0.3ms)[0m  [1m[32mINSERT INTO "schema_migrations" (version) VALUES
(20190528192435),
(20190528192519);

[0m
  ↳ db/schema.rb:13
  [1m[35m (10.1ms)[0m  [1m[35mCREATE TABLE "ar_internal_metadata" ("key" character varying NOT NULL PRIMARY KEY, "value" character varying, "created_at" timestamp NOT NULL, "updated_at" timestamp NOT NULL)[0m
  ↳ db/schema.rb:13
  [1m[36mActiveRecord::InternalMetadata Load (2.7ms)[0m  [1m[34mSELECT  "ar_internal_metadata".* FROM "ar_internal_metadata" WHERE "ar_internal_metadata"."key" = $1 LIMIT $2[0m  [["key", "environment"], ["LIMIT", 1]]
  ↳ db/schema.rb:13
  [1m[35m (0.1ms)[0m  [1m[35mBEGIN[0m
  ↳ db/schema.rb:13
  [1m[36mActiveRecord::InternalMetadata Create (0.5ms)[0m  [1m[32mINSERT INTO "ar_internal_metadata" ("key", "value", "created_at", "updated_at") VALUES ($1, $2, $3, $4) RETURNING "key"[0m  [["key", "environment"], ["value", "development"], ["created_at", "2019-05-28 19:50:03.669305"], ["updated_at", "2019-05-28 19:50:03.669305"]]
  ↳ db/schema.rb:13
  [1m[35m (0.3ms)[0m  [1m[35mCOMMIT[0m
  ↳ db/schema.rb:13
  [1m[36mActiveRecord::InternalMetadata Load (0.2ms)[0m  [1m[34mSELECT  "ar_internal_metadata".* FROM "ar_internal_metadata" WHERE "ar_internal_metadata"."key" = $1 LIMIT $2[0m  [["key", "environment"], ["LIMIT", 1]]
  ↳ bin/rails:9
  [1m[35m (0.3ms)[0m  [1m[35mBEGIN[0m
  ↳ bin/rails:9
  [1m[35m (0.3ms)[0m  [1m[35mCOMMIT[0m
  ↳ bin/rails:9
  [1m[35mSQL (0.3ms)[0m  [1m[35mCREATE EXTENSION IF NOT EXISTS "plpgsql"[0m
  ↳ db/schema.rb:16
  [1m[35m (0.2ms)[0m  [1m[35mDROP TABLE IF EXISTS "actors" CASCADE[0m
  ↳ db/schema.rb:18
  [1m[35m (15.2ms)[0m  [1m[35mCREATE TABLE "actors" ("id" bigserial primary key, "name" character varying, "created_at" timestamp NOT NULL, "updated_at" timestamp NOT NULL)[0m
  ↳ db/schema.rb:18
  [1m[35m (0.9ms)[0m  [1m[35mDROP TABLE IF EXISTS "actors_movies" CASCADE[0m
  ↳ db/schema.rb:24
  [1m[35m (5.6ms)[0m  [1m[35mCREATE TABLE "actors_movies" ("actor_id" bigint NOT NULL, "movie_id" bigint NOT NULL)[0m
  ↳ db/schema.rb:24
  [1m[35m (3.8ms)[0m  [1m[35mCREATE  INDEX  "index_actors_movies_on_actor_id_and_movie_id" ON "actors_movies"  ("actor_id", "movie_id")[0m
  ↳ db/schema.rb:24
  [1m[35m (1.5ms)[0m  [1m[35mCREATE  INDEX  "index_actors_movies_on_movie_id_and_actor_id" ON "actors_movies"  ("movie_id", "actor_id")[0m
  ↳ db/schema.rb:24
  [1m[35m (1.1ms)[0m  [1m[35mDROP TABLE IF EXISTS "movies" CASCADE[0m
  ↳ db/schema.rb:31
  [1m[35m (12.5ms)[0m  [1m[35mCREATE TABLE "movies" ("id" bigserial primary key, "title" character varying, "created_at" timestamp NOT NULL, "updated_at" timestamp NOT NULL)[0m
  ↳ db/schema.rb:31
  [1m[35m (35.1ms)[0m  [1m[35mCREATE TABLE "schema_migrations" ("version" character varying NOT NULL PRIMARY KEY)[0m
  ↳ db/schema.rb:13
  [1m[35m (0.6ms)[0m  [1m[34mSELECT "schema_migrations"."version" FROM "schema_migrations" ORDER BY "schema_migrations"."version" ASC[0m
  ↳ db/schema.rb:13
  [1m[35m (0.5ms)[0m  [1m[32mINSERT INTO "schema_migrations" (version) VALUES (20190528192941)[0m
  ↳ db/schema.rb:13
  [1m[35m (0.3ms)[0m  [1m[32mINSERT INTO "schema_migrations" (version) VALUES
(20190528192435),
(20190528192519);

[0m
  ↳ db/schema.rb:13
  [1m[35m (3.0ms)[0m  [1m[35mCREATE TABLE "ar_internal_metadata" ("key" character varying NOT NULL PRIMARY KEY, "value" character varying, "created_at" timestamp NOT NULL, "updated_at" timestamp NOT NULL)[0m
  ↳ db/schema.rb:13
  [1m[36mActiveRecord::InternalMetadata Load (0.3ms)[0m  [1m[34mSELECT  "ar_internal_metadata".* FROM "ar_internal_metadata" WHERE "ar_internal_metadata"."key" = $1 LIMIT $2[0m  [["key", "environment"], ["LIMIT", 1]]
  ↳ db/schema.rb:13
  [1m[35m (0.1ms)[0m  [1m[35mBEGIN[0m
  ↳ db/schema.rb:13
  [1m[36mActiveRecord::InternalMetadata Create (0.4ms)[0m  [1m[32mINSERT INTO "ar_internal_metadata" ("key", "value", "created_at", "updated_at") VALUES ($1, $2, $3, $4) RETURNING "key"[0m  [["key", "environment"], ["value", "development"], ["created_at", "2019-05-28 19:50:03.803647"], ["updated_at", "2019-05-28 19:50:03.803647"]]
  ↳ db/schema.rb:13
  [1m[35m (0.2ms)[0m  [1m[35mCOMMIT[0m
  ↳ db/schema.rb:13
  [1m[36mActiveRecord::InternalMetadata Load (0.2ms)[0m  [1m[34mSELECT  "ar_internal_metadata".* FROM "ar_internal_metadata" WHERE "ar_internal_metadata"."key" = $1 LIMIT $2[0m  [["key", "environment"], ["LIMIT", 1]]
  ↳ bin/rails:9
  [1m[35m (0.1ms)[0m  [1m[35mBEGIN[0m
  ↳ bin/rails:9
  [1m[36mActiveRecord::InternalMetadata Update (0.3ms)[0m  [1m[33mUPDATE "ar_internal_metadata" SET "value" = $1, "updated_at" = $2 WHERE "ar_internal_metadata"."key" = $3[0m  [["value", "test"], ["updated_at", "2019-05-28 19:50:03.806770"], ["key", "environment"]]
  ↳ bin/rails:9
  [1m[35m (0.2ms)[0m  [1m[35mCOMMIT[0m
  ↳ bin/rails:9
  [1m[35m (1.1ms)[0m  [1m[34mSELECT "schema_migrations"."version" FROM "schema_migrations" ORDER BY "schema_migrations"."version" ASC[0m
  ↳ bin/rails:9
  [1m[35m (0.1ms)[0m  [1m[35mBEGIN[0m
  ↳ db/seeds.rb:1
  [1m[36mMovie Create (0.6ms)[0m  [1m[32mINSERT INTO "movies" ("title", "created_at", "updated_at") VALUES ($1, $2, $3) RETURNING "id"[0m  [["title", "Black Panther"], ["created_at", "2019-05-28 19:50:03.850976"], ["updated_at", "2019-05-28 19:50:03.850976"]]
  ↳ db/seeds.rb:1
  [1m[35m (20.7ms)[0m  [1m[35mCOMMIT[0m
  ↳ db/seeds.rb:1
  [1m[35m (0.1ms)[0m  [1m[35mBEGIN[0m
  ↳ db/seeds.rb:2
  [1m[36mMovie Create (0.2ms)[0m  [1m[32mINSERT INTO "movies" ("title", "created_at", "updated_at") VALUES ($1, $2, $3) RETURNING "id"[0m  [["title", "Friends With Benefits"], ["created_at", "2019-05-28 19:50:03.873630"], ["updated_at", "2019-05-28 19:50:03.873630"]]
  ↳ db/seeds.rb:2
  [1m[35m (5.2ms)[0m  [1m[35mCOMMIT[0m
  ↳ db/seeds.rb:2
  [1m[35m (0.8ms)[0m  [1m[35mBEGIN[0m
  ↳ db/seeds.rb:3
  [1m[36mMovie Create (0.3ms)[0m  [1m[32mINSERT INTO "movies" ("title", "created_at", "updated_at") VALUES ($1, $2, $3) RETURNING "id"[0m  [["title", "Waiting to Exhale"], ["created_at", "2019-05-28 19:50:03.880925"], ["updated_at", "2019-05-28 19:50:03.880925"]]
  ↳ db/seeds.rb:3
  [1m[35m (0.5ms)[0m  [1m[35mCOMMIT[0m
  ↳ db/seeds.rb:3
  [1m[35m (0.1ms)[0m  [1m[35mBEGIN[0m
  ↳ db/seeds.rb:4
  [1m[36mMovie Create (0.3ms)[0m  [1m[32mINSERT INTO "movies" ("title", "created_at", "updated_at") VALUES ($1, $2, $3) RETURNING "id"[0m  [["title", "Us"], ["created_at", "2019-05-28 19:50:03.883802"], ["updated_at", "2019-05-28 19:50:03.883802"]]
  ↳ db/seeds.rb:4
  [1m[35m (0.3ms)[0m  [1m[35mCOMMIT[0m
  ↳ db/seeds.rb:4
  [1m[35m (0.2ms)[0m  [1m[35mBEGIN[0m
  ↳ db/seeds.rb:5
  [1m[36mMovie Create (0.5ms)[0m  [1m[32mINSERT INTO "movies" ("title", "created_at", "updated_at") VALUES ($1, $2, $3) RETURNING "id"[0m  [["title", "Fast and Furious"], ["created_at", "2019-05-28 19:50:03.886293"], ["updated_at", "2019-05-28 19:50:03.886293"]]
  ↳ db/seeds.rb:5
  [1m[35m (0.3ms)[0m  [1m[35mCOMMIT[0m
  ↳ db/seeds.rb:5
  [1m[35m (0.1ms)[0m  [1m[35mBEGIN[0m
  ↳ db/seeds.rb:6
  [1m[36mMovie Create (0.2ms)[0m  [1m[32mINSERT INTO "movies" ("title", "created_at", "updated_at") VALUES ($1, $2, $3) RETURNING "id"[0m  [["title", "Furious and Fast"], ["created_at", "2019-05-28 19:50:03.888327"], ["updated_at", "2019-05-28 19:50:03.888327"]]
  ↳ db/seeds.rb:6
  [1m[35m (0.4ms)[0m  [1m[35mCOMMIT[0m
  ↳ db/seeds.rb:6
  [1m[35m (0.1ms)[0m  [1m[35mBEGIN[0m
  ↳ db/seeds.rb:8
  [1m[36mActor Create (0.6ms)[0m  [1m[32mINSERT INTO "actors" ("name", "created_at", "updated_at") VALUES ($1, $2, $3) RETURNING "id"[0m  [["name", "Angela Bassett"], ["created_at", "2019-05-28 19:50:03.905277"], ["updated_at", "2019-05-28 19:50:03.905277"]]
  ↳ db/seeds.rb:8
  [1m[35m (0.2ms)[0m  [1m[35mCOMMIT[0m
  ↳ db/seeds.rb:8
  [1m[35m (0.1ms)[0m  [1m[35mBEGIN[0m
  ↳ db/seeds.rb:9
  [1m[36mActor Create (0.3ms)[0m  [1m[32mINSERT INTO "actors" ("name", "created_at", "updated_at") VALUES ($1, $2, $3) RETURNING "id"[0m  [["name", "Chadwick Boseman"], ["created_at", "2019-05-28 19:50:03.908031"], ["updated_at", "2019-05-28 19:50:03.908031"]]
  ↳ db/seeds.rb:9
  [1m[35m (0.3ms)[0m  [1m[35mCOMMIT[0m
  ↳ db/seeds.rb:9
  [1m[35m (0.1ms)[0m  [1m[35mBEGIN[0m
  ↳ db/seeds.rb:10
  [1m[36mActor Create (0.2ms)[0m  [1m[32mINSERT INTO "actors" ("name", "created_at", "updated_at") VALUES ($1, $2, $3) RETURNING "id"[0m  [["name", "Winston Duke"], ["created_at", "2019-05-28 19:50:03.910131"], ["updated_at", "2019-05-28 19:50:03.910131"]]
  ↳ db/seeds.rb:10
  [1m[35m (0.3ms)[0m  [1m[35mCOMMIT[0m
  ↳ db/seeds.rb:10
  [1m[35m (0.1ms)[0m  [1m[35mBEGIN[0m
  ↳ db/seeds.rb:11
  [1m[36mActor Create (0.3ms)[0m  [1m[32mINSERT INTO "actors" ("name", "created_at", "updated_at") VALUES ($1, $2, $3) RETURNING "id"[0m  [["name", "Lupita N'yongo"], ["created_at", "2019-05-28 19:50:03.911991"], ["updated_at", "2019-05-28 19:50:03.911991"]]
  ↳ db/seeds.rb:11
  [1m[35m (0.2ms)[0m  [1m[35mCOMMIT[0m
  ↳ db/seeds.rb:11
  [1m[35m (0.1ms)[0m  [1m[35mBEGIN[0m
  ↳ db/seeds.rb:13
  [1m[36mActor::HABTM_Movies Create (0.9ms)[0m  [1m[32mINSERT INTO "actors_movies" ("actor_id", "movie_id") VALUES ($1, $2)[0m  [["actor_id", 1], ["movie_id", 1]]
  ↳ db/seeds.rb:13
  [1m[36mActor::HABTM_Movies Create (0.3ms)[0m  [1m[32mINSERT INTO "actors_movies" ("actor_id", "movie_id") VALUES ($1, $2)[0m  [["actor_id", 1], ["movie_id", 3]]
  ↳ db/seeds.rb:13
  [1m[35m (0.2ms)[0m  [1m[35mCOMMIT[0m
  ↳ db/seeds.rb:13
  [1m[35m (0.1ms)[0m  [1m[35mBEGIN[0m
  ↳ db/seeds.rb:14
  [1m[36mActor::HABTM_Movies Create (0.7ms)[0m  [1m[32mINSERT INTO "actors_movies" ("actor_id", "movie_id") VALUES ($1, $2)[0m  [["actor_id", 2], ["movie_id", 2]]
  ↳ db/seeds.rb:14
  [1m[35m (0.3ms)[0m  [1m[35mCOMMIT[0m
  ↳ db/seeds.rb:14
  [1m[35m (0.1ms)[0m  [1m[35mBEGIN[0m
  ↳ db/seeds.rb:15
  [1m[36mActor::HABTM_Movies Create (0.2ms)[0m  [1m[32mINSERT INTO "actors_movies" ("actor_id", "movie_id") VALUES ($1, $2)[0m  [["actor_id", 3], ["movie_id", 5]]
  ↳ db/seeds.rb:15
  [1m[36mActor::HABTM_Movies Create (0.2ms)[0m  [1m[32mINSERT INTO "actors_movies" ("actor_id", "movie_id") VALUES ($1, $2)[0m  [["actor_id", 3], ["movie_id", 4]]
  ↳ db/seeds.rb:15
  [1m[35m (0.2ms)[0m  [1m[35mCOMMIT[0m
  ↳ db/seeds.rb:15
  [1m[35m (0.1ms)[0m  [1m[35mBEGIN[0m
  ↳ db/seeds.rb:16
  [1m[36mActor::HABTM_Movies Create (0.2ms)[0m  [1m[32mINSERT INTO "actors_movies" ("actor_id", "movie_id") VALUES ($1, $2)[0m  [["actor_id", 4], ["movie_id", 6]]
  ↳ db/seeds.rb:16
  [1m[36mActor::HABTM_Movies Create (0.2ms)[0m  [1m[32mINSERT INTO "actors_movies" ("actor_id", "movie_id") VALUES ($1, $2)[0m  [["actor_id", 4], ["movie_id", 4]]
  ↳ db/seeds.rb:16
  [1m[35m (0.2ms)[0m  [1m[35mCOMMIT[0m
  ↳ db/seeds.rb:16
Started GET "/movies/1/actors" for ::1 at 2019-05-28 15:51:05 -0400
  [1m[35m (1.5ms)[0m  [1m[34mSELECT "schema_migrations"."version" FROM "schema_migrations" ORDER BY "schema_migrations"."version" ASC[0m
  ↳ /Users/caiyang/.rbenv/versions/2.6.3/lib/ruby/gems/2.6.0/gems/activerecord-5.2.3/lib/active_record/log_subscriber.rb:98
Processing by ActorsController#index as HTML
  Parameters: {"movie_id"=>"1"}
Completed 200 OK in 1ms (Views: 0.3ms | ActiveRecord: 0.0ms)


Started GET "/movies/1/actors" for ::1 at 2019-05-28 15:51:35 -0400
Processing by ActorsController#index as HTML
  Parameters: {"movie_id"=>"1"}
  [1m[36mMovie Load (1.0ms)[0m  [1m[34mSELECT  "movies".* FROM "movies" WHERE "movies"."id" = $1 LIMIT $2[0m  [["id", 1], ["LIMIT", 1]]
  ↳ app/controllers/actors_controller.rb:4
Completed 500 Internal Server Error in 112ms (ActiveRecord: 9.0ms)


  
NoMethodError (undefined method `actors' for #<Movie:0x00007f881557e370>):
  
app/controllers/actors_controller.rb:6:in `index'
Started GET "/movies/1/actors" for ::1 at 2019-05-28 15:51:42 -0400
Processing by ActorsController#index as HTML
  Parameters: {"movie_id"=>"1"}
  [1m[36mMovie Load (1.7ms)[0m  [1m[34mSELECT  "movies".* FROM "movies" WHERE "movies"."id" = $1 LIMIT $2[0m  [["id", 1], ["LIMIT", 1]]
  ↳ app/controllers/actors_controller.rb:4
Completed 200 OK in 13ms (Views: 0.5ms | ActiveRecord: 5.3ms)


Started GET "/movies/1/actors" for ::1 at 2019-05-28 15:52:43 -0400
Processing by ActorsController#index as HTML
  Parameters: {"movie_id"=>"1"}
  [1m[36mMovie Load (0.3ms)[0m  [1m[34mSELECT  "movies".* FROM "movies" WHERE "movies"."id" = $1 LIMIT $2[0m  [["id", 1], ["LIMIT", 1]]
  ↳ app/controllers/actors_controller.rb:4
  [1m[36mActor Load (3.3ms)[0m  [1m[34mSELECT "actors".* FROM "actors" INNER JOIN "actors_movies" ON "actors"."id" = "actors_movies"."actor_id" WHERE "actors_movies"."movie_id" = $1[0m  [["movie_id", 1]]
  ↳ app/controllers/actors_controller.rb:6
  [1m[36mMovie Load (0.4ms)[0m  [1m[34mSELECT "movies".* FROM "movies" INNER JOIN "actors_movies" ON "movies"."id" = "actors_movies"."movie_id" WHERE "actors_movies"."actor_id" = $1[0m  [["actor_id", 1]]
  ↳ app/controllers/actors_controller.rb:6
Completed 200 OK in 102ms (Views: 31.4ms | ActiveRecord: 12.0ms)


Started GET "/actors/1/movies" for ::1 at 2019-05-28 15:54:50 -0400
Processing by MoviesController#index as HTML
  Parameters: {"actor_id"=>"1"}
  [1m[36mMovie Load (0.3ms)[0m  [1m[34mSELECT  "movies".* FROM "movies" WHERE "movies"."id" = $1 LIMIT $2[0m  [["id", 1], ["LIMIT", 1]]
  ↳ app/controllers/movies_controller.rb:3
Completed 500 Internal Server Error in 27ms (ActiveRecord: 5.4ms)


  
NoMethodError (undefined method `movies' for #<Movie:0x00007f8816a0ceb8>):
  
app/controllers/movies_controller.rb:4:in `index'
Started GET "/actors/1/movies" for ::1 at 2019-05-28 15:56:13 -0400
Processing by MoviesController#index as HTML
  Parameters: {"actor_id"=>"1"}
  [1m[36mActor Load (0.4ms)[0m  [1m[34mSELECT  "actors".* FROM "actors" WHERE "actors"."id" = $1 LIMIT $2[0m  [["id", 1], ["LIMIT", 1]]
  ↳ app/controllers/movies_controller.rb:3
  [1m[36mMovie Load (0.4ms)[0m  [1m[34mSELECT "movies".* FROM "movies" INNER JOIN "actors_movies" ON "movies"."id" = "actors_movies"."movie_id" WHERE "actors_movies"."actor_id" = $1[0m  [["actor_id", 1]]
  ↳ app/controllers/movies_controller.rb:5
  [1m[36mActor Load (0.3ms)[0m  [1m[34mSELECT "actors".* FROM "actors" INNER JOIN "actors_movies" ON "actors"."id" = "actors_movies"."actor_id" WHERE "actors_movies"."movie_id" = $1[0m  [["movie_id", 1]]
  ↳ app/controllers/movies_controller.rb:5
  [1m[36mActor Load (0.3ms)[0m  [1m[34mSELECT "actors".* FROM "actors" INNER JOIN "actors_movies" ON "actors"."id" = "actors_movies"."actor_id" WHERE "actors_movies"."movie_id" = $1[0m  [["movie_id", 3]]
  ↳ app/controllers/movies_controller.rb:5
Completed 200 OK in 45ms (Views: 19.4ms | ActiveRecord: 9.1ms)


Started GET "/actors/1/movies/1" for ::1 at 2019-05-28 15:58:44 -0400
Processing by MoviesController#show as HTML
  Parameters: {"actor_id"=>"1", "id"=>"1"}
  [1m[36mMovie Load (0.3ms)[0m  [1m[34mSELECT  "movies".* FROM "movies" WHERE "movies"."id" = $1 LIMIT $2[0m  [["id", 1], ["LIMIT", 1]]
  ↳ app/controllers/movies_controller.rb:10
  [1m[36mActor Load (2.7ms)[0m  [1m[34mSELECT "actors".* FROM "actors" INNER JOIN "actors_movies" ON "actors"."id" = "actors_movies"."actor_id" WHERE "actors_movies"."movie_id" = $1[0m  [["movie_id", 1]]
  ↳ app/controllers/movies_controller.rb:11
Completed 200 OK in 55ms (Views: 18.7ms | ActiveRecord: 20.2ms)


Started GET "/actors/1/movies/3" for ::1 at 2019-05-28 15:58:49 -0400
Processing by MoviesController#show as HTML
  Parameters: {"actor_id"=>"1", "id"=>"3"}
  [1m[36mMovie Load (1.0ms)[0m  [1m[34mSELECT  "movies".* FROM "movies" WHERE "movies"."id" = $1 LIMIT $2[0m  [["id", 3], ["LIMIT", 1]]
  ↳ app/controllers/movies_controller.rb:10
  [1m[36mActor Load (0.7ms)[0m  [1m[34mSELECT "actors".* FROM "actors" INNER JOIN "actors_movies" ON "actors"."id" = "actors_movies"."actor_id" WHERE "actors_movies"."movie_id" = $1[0m  [["movie_id", 3]]
  ↳ app/controllers/movies_controller.rb:11
Completed 200 OK in 7ms (Views: 4.5ms | ActiveRecord: 1.8ms)


Started GET "/actors/1/movies/2" for ::1 at 2019-05-28 15:58:51 -0400
Processing by MoviesController#show as HTML
  Parameters: {"actor_id"=>"1", "id"=>"2"}
  [1m[36mMovie Load (4.3ms)[0m  [1m[34mSELECT  "movies".* FROM "movies" WHERE "movies"."id" = $1 LIMIT $2[0m  [["id", 2], ["LIMIT", 1]]
  ↳ app/controllers/movies_controller.rb:10
  [1m[36mActor Load (1.5ms)[0m  [1m[34mSELECT "actors".* FROM "actors" INNER JOIN "actors_movies" ON "actors"."id" = "actors_movies"."actor_id" WHERE "actors_movies"."movie_id" = $1[0m  [["movie_id", 2]]
  ↳ app/controllers/movies_controller.rb:11
Completed 200 OK in 8ms (Views: 1.7ms | ActiveRecord: 5.7ms)


Started GET "/actors/1/movies/1" for ::1 at 2019-05-28 15:58:54 -0400
Processing by MoviesController#show as HTML
  Parameters: {"actor_id"=>"1", "id"=>"1"}
  [1m[36mMovie Load (2.9ms)[0m  [1m[34mSELECT  "movies".* FROM "movies" WHERE "movies"."id" = $1 LIMIT $2[0m  [["id", 1], ["LIMIT", 1]]
  ↳ app/controllers/movies_controller.rb:10
  [1m[36mActor Load (5.3ms)[0m  [1m[34mSELECT "actors".* FROM "actors" INNER JOIN "actors_movies" ON "actors"."id" = "actors_movies"."actor_id" WHERE "actors_movies"."movie_id" = $1[0m  [["movie_id", 1]]
  ↳ app/controllers/movies_controller.rb:11
Completed 200 OK in 15ms (Views: 4.7ms | ActiveRecord: 8.2ms)


Started GET "/actors/1/movies/" for ::1 at 2019-05-28 16:02:15 -0400
Processing by MoviesController#index as HTML
  Parameters: {"actor_id"=>"1"}
  [1m[36mActor Load (0.5ms)[0m  [1m[34mSELECT  "actors".* FROM "actors" WHERE "actors"."id" = $1 LIMIT $2[0m  [["id", 1], ["LIMIT", 1]]
  ↳ app/controllers/movies_controller.rb:4
  [1m[36mMovie Load (0.5ms)[0m  [1m[34mSELECT "movies".* FROM "movies" INNER JOIN "actors_movies" ON "movies"."id" = "actors_movies"."movie_id" WHERE "actors_movies"."actor_id" = $1[0m  [["actor_id", 1]]
  ↳ app/controllers/movies_controller.rb:6
  [1m[36mActor Load (0.4ms)[0m  [1m[34mSELECT "actors".* FROM "actors" INNER JOIN "actors_movies" ON "actors"."id" = "actors_movies"."actor_id" WHERE "actors_movies"."movie_id" = $1[0m  [["movie_id", 1]]
  ↳ app/controllers/movies_controller.rb:6
  [1m[36mActor Load (0.3ms)[0m  [1m[34mSELECT "actors".* FROM "actors" INNER JOIN "actors_movies" ON "actors"."id" = "actors_movies"."actor_id" WHERE "actors_movies"."movie_id" = $1[0m  [["movie_id", 3]]
  ↳ app/controllers/movies_controller.rb:6
Completed 200 OK in 57ms (Views: 16.0ms | ActiveRecord: 18.7ms)


Started GET "/actors/1/movies/1" for ::1 at 2019-05-28 16:02:18 -0400
Processing by MoviesController#show as HTML
  Parameters: {"actor_id"=>"1", "id"=>"1"}
  [1m[36mActor Load (7.1ms)[0m  [1m[34mSELECT  "actors".* FROM "actors" WHERE "actors"."id" = $1 LIMIT $2[0m  [["id", 1], ["LIMIT", 1]]
  ↳ app/controllers/movies_controller.rb:10
  [1m[36mMovie Load (2.7ms)[0m  [1m[34mSELECT  "movies".* FROM "movies" WHERE "movies"."id" = $1 LIMIT $2[0m  [["id", 1], ["LIMIT", 1]]
  ↳ app/controllers/movies_controller.rb:11
Completed 500 Internal Server Error in 18ms (ActiveRecord: 9.9ms)


  
NoMethodError (undefined method `moviess' for #<Actor:0x00007f8816485d50>
Did you mean?  movies
               movies=):
  
app/controllers/movies_controller.rb:13:in `show'
Started GET "/actors/1/movies/" for ::1 at 2019-05-28 16:02:24 -0400
Processing by MoviesController#index as HTML
  Parameters: {"actor_id"=>"1"}
  [1m[36mActor Load (4.8ms)[0m  [1m[34mSELECT  "actors".* FROM "actors" WHERE "actors"."id" = $1 LIMIT $2[0m  [["id", 1], ["LIMIT", 1]]
  ↳ app/controllers/movies_controller.rb:4
  [1m[36mMovie Load (1.5ms)[0m  [1m[34mSELECT "movies".* FROM "movies" INNER JOIN "actors_movies" ON "movies"."id" = "actors_movies"."movie_id" WHERE "actors_movies"."actor_id" = $1[0m  [["actor_id", 1]]
  ↳ app/controllers/movies_controller.rb:6
  [1m[36mActor Load (0.3ms)[0m  [1m[34mSELECT "actors".* FROM "actors" INNER JOIN "actors_movies" ON "actors"."id" = "actors_movies"."actor_id" WHERE "actors_movies"."movie_id" = $1[0m  [["movie_id", 1]]
  ↳ app/controllers/movies_controller.rb:6
  [1m[36mActor Load (0.3ms)[0m  [1m[34mSELECT "actors".* FROM "actors" INNER JOIN "actors_movies" ON "actors"."id" = "actors_movies"."actor_id" WHERE "actors_movies"."movie_id" = $1[0m  [["movie_id", 3]]
  ↳ app/controllers/movies_controller.rb:6
Completed 200 OK in 19ms (Views: 9.8ms | ActiveRecord: 7.0ms)


Started GET "/actors/1/movies/1" for ::1 at 2019-05-28 16:02:31 -0400
Processing by MoviesController#show as HTML
  Parameters: {"actor_id"=>"1", "id"=>"1"}
  [1m[36mActor Load (1.4ms)[0m  [1m[34mSELECT  "actors".* FROM "actors" WHERE "actors"."id" = $1 LIMIT $2[0m  [["id", 1], ["LIMIT", 1]]
  ↳ app/controllers/movies_controller.rb:10
  [1m[36mMovie Load (0.6ms)[0m  [1m[34mSELECT  "movies".* FROM "movies" WHERE "movies"."id" = $1 LIMIT $2[0m  [["id", 1], ["LIMIT", 1]]
  ↳ app/controllers/movies_controller.rb:11
Completed 500 Internal Server Error in 10ms (ActiveRecord: 2.0ms)


  
NoMethodError (undefined method `moviess' for #<Actor:0x00007f8815998848>
Did you mean?  movies
               movies=):
  
app/controllers/movies_controller.rb:13:in `show'
Started GET "/actors/1/movies/1" for ::1 at 2019-05-28 16:02:44 -0400
Processing by MoviesController#show as HTML
  Parameters: {"actor_id"=>"1", "id"=>"1"}
  [1m[36mActor Load (0.3ms)[0m  [1m[34mSELECT  "actors".* FROM "actors" WHERE "actors"."id" = $1 LIMIT $2[0m  [["id", 1], ["LIMIT", 1]]
  ↳ app/controllers/movies_controller.rb:10
  [1m[36mMovie Load (0.2ms)[0m  [1m[34mSELECT  "movies".* FROM "movies" WHERE "movies"."id" = $1 LIMIT $2[0m  [["id", 1], ["LIMIT", 1]]
  ↳ app/controllers/movies_controller.rb:11
  [1m[36mMovie Exists (13.2ms)[0m  [1m[34mSELECT  1 AS one FROM "movies" INNER JOIN "actors_movies" ON "movies"."id" = "actors_movies"."movie_id" WHERE "actors_movies"."actor_id" = $1 AND "movies"."id" = $2 LIMIT $3[0m  [["actor_id", 1], ["id", 1], ["LIMIT", 1]]
  ↳ app/controllers/movies_controller.rb:13
  [1m[36mActor Load (0.3ms)[0m  [1m[34mSELECT "actors".* FROM "actors" INNER JOIN "actors_movies" ON "actors"."id" = "actors_movies"."actor_id" WHERE "actors_movies"."movie_id" = $1[0m  [["movie_id", 1]]
  ↳ app/controllers/movies_controller.rb:14
Completed 200 OK in 65ms (Views: 4.1ms | ActiveRecord: 38.1ms)


Started GET "/actors/1/movies/3" for ::1 at 2019-05-28 16:02:47 -0400
Processing by MoviesController#show as HTML
  Parameters: {"actor_id"=>"1", "id"=>"3"}
  [1m[36mActor Load (22.4ms)[0m  [1m[34mSELECT  "actors".* FROM "actors" WHERE "actors"."id" = $1 LIMIT $2[0m  [["id", 1], ["LIMIT", 1]]
  ↳ app/controllers/movies_controller.rb:10
  [1m[36mMovie Load (2.4ms)[0m  [1m[34mSELECT  "movies".* FROM "movies" WHERE "movies"."id" = $1 LIMIT $2[0m  [["id", 3], ["LIMIT", 1]]
  ↳ app/controllers/movies_controller.rb:11
  [1m[36mMovie Exists (0.4ms)[0m  [1m[34mSELECT  1 AS one FROM "movies" INNER JOIN "actors_movies" ON "movies"."id" = "actors_movies"."movie_id" WHERE "actors_movies"."actor_id" = $1 AND "movies"."id" = $2 LIMIT $3[0m  [["actor_id", 1], ["id", 3], ["LIMIT", 1]]
  ↳ app/controllers/movies_controller.rb:13
  [1m[36mActor Load (0.2ms)[0m  [1m[34mSELECT "actors".* FROM "actors" INNER JOIN "actors_movies" ON "actors"."id" = "actors_movies"."actor_id" WHERE "actors_movies"."movie_id" = $1[0m  [["movie_id", 3]]
  ↳ app/controllers/movies_controller.rb:14
Completed 200 OK in 31ms (Views: 1.5ms | ActiveRecord: 25.5ms)


Started GET "/actors/1/movies/2" for ::1 at 2019-05-28 16:02:49 -0400
Processing by MoviesController#show as HTML
  Parameters: {"actor_id"=>"1", "id"=>"2"}
  [1m[36mActor Load (1.7ms)[0m  [1m[34mSELECT  "actors".* FROM "actors" WHERE "actors"."id" = $1 LIMIT $2[0m  [["id", 1], ["LIMIT", 1]]
  ↳ app/controllers/movies_controller.rb:10
  [1m[36mMovie Load (5.2ms)[0m  [1m[34mSELECT  "movies".* FROM "movies" WHERE "movies"."id" = $1 LIMIT $2[0m  [["id", 2], ["LIMIT", 1]]
  ↳ app/controllers/movies_controller.rb:11
  [1m[36mMovie Exists (2.5ms)[0m  [1m[34mSELECT  1 AS one FROM "movies" INNER JOIN "actors_movies" ON "movies"."id" = "actors_movies"."movie_id" WHERE "actors_movies"."actor_id" = $1 AND "movies"."id" = $2 LIMIT $3[0m  [["actor_id", 1], ["id", 2], ["LIMIT", 1]]
  ↳ app/controllers/movies_controller.rb:13
Completed 200 OK in 13ms (Views: 0.2ms | ActiveRecord: 9.4ms)


Started GET "/actors/1/movies/2" for ::1 at 2019-05-28 16:03:26 -0400
Processing by MoviesController#show as HTML
  Parameters: {"actor_id"=>"1", "id"=>"2"}
  [1m[36mActor Load (0.1ms)[0m  [1m[34mSELECT  "actors".* FROM "actors" WHERE "actors"."id" = $1 LIMIT $2[0m  [["id", 1], ["LIMIT", 1]]
  ↳ app/controllers/movies_controller.rb:10
  [1m[36mMovie Load (0.2ms)[0m  [1m[34mSELECT  "movies".* FROM "movies" WHERE "movies"."id" = $1 LIMIT $2[0m  [["id", 2], ["LIMIT", 1]]
  ↳ app/controllers/movies_controller.rb:11
  [1m[36mMovie Exists (2.6ms)[0m  [1m[34mSELECT  1 AS one FROM "movies" INNER JOIN "actors_movies" ON "movies"."id" = "actors_movies"."movie_id" WHERE "actors_movies"."actor_id" = $1 AND "movies"."id" = $2 LIMIT $3[0m  [["actor_id", 1], ["id", 2], ["LIMIT", 1]]
  ↳ app/controllers/movies_controller.rb:13
Completed 200 OK in 41ms (Views: 0.3ms | ActiveRecord: 12.9ms)


Started GET "/movies/1/actors/2" for ::1 at 2019-05-28 16:07:29 -0400
  
SyntaxError (/Users/caiyang/Desktop/sei/unit4/labs/actor-movie-api/app/controllers/actors_controller.rb:25: unterminated string meets end of file
/Users/caiyang/Desktop/sei/unit4/labs/actor-movie-api/app/controllers/actors_controller.rb:25: syntax error, unexpected end-of-input, expecting '}'):
  
app/controllers/actors_controller.rb:25: unterminated string meets end of file
app/controllers/actors_controller.rb:25: syntax error, unexpected end-of-input, expecting '}'
Started GET "/movies/1/actors/2" for ::1 at 2019-05-28 16:08:31 -0400
Processing by ActorsController#show as HTML
  Parameters: {"movie_id"=>"1", "id"=>"2"}
  [1m[36mMovie Load (0.3ms)[0m  [1m[34mSELECT  "movies".* FROM "movies" WHERE "movies"."id" = $1 LIMIT $2[0m  [["id", 1], ["LIMIT", 1]]
  ↳ app/controllers/actors_controller.rb:14
  [1m[36mActor Load (1.3ms)[0m  [1m[34mSELECT  "actors".* FROM "actors" WHERE "actors"."id" = $1 LIMIT $2[0m  [["id", 2], ["LIMIT", 1]]
  ↳ app/controllers/actors_controller.rb:15
  [1m[36mActor Exists (8.1ms)[0m  [1m[34mSELECT  1 AS one FROM "actors" INNER JOIN "actors_movies" ON "actors"."id" = "actors_movies"."actor_id" WHERE "actors_movies"."movie_id" = $1 AND "actors"."id" = $2 LIMIT $3[0m  [["movie_id", 1], ["id", 2], ["LIMIT", 1]]
  ↳ app/controllers/actors_controller.rb:17
Completed 200 OK in 119ms (Views: 0.6ms | ActiveRecord: 36.1ms)


